#
# There is insufficient memory for the Java Runtime Environment to continue.
# Native memory allocation (malloc) failed to allocate 685056 bytes for Chunk::new
# Possible reasons:
#   The system is out of physical RAM or swap space
#   In 32 bit mode, the process size limit was hit
# Possible solutions:
#   Reduce memory load on the system
#   Increase physical memory or swap space
#   Check if swap backing store is full
#   Use 64 bit Java on a 64 bit OS
#   Decrease Java heap size (-Xmx/-Xms)
#   Decrease number of Java threads
#   Decrease Java thread stack sizes (-Xss)
#   Set larger code cache with -XX:ReservedCodeCacheSize=
# This output file may be truncated or incomplete.
#
#  Out of Memory Error (allocation.cpp:390), pid=5044, tid=7060
#
# JRE version: Java(TM) SE Runtime Environment (8.0_60-b27) (build 1.8.0_60-b27)
# Java VM: Java HotSpot(TM) 64-Bit Server VM (25.60-b23 mixed mode windows-amd64 compressed oops)
# Failed to write core dump. Minidumps are not enabled by default on client versions of Windows
#

---------------  T H R E A D  ---------------

Current thread (0x000000001509e000):  JavaThread "C2 CompilerThread1" daemon [_thread_in_native, id=7060, stack(0x00000000175a0000,0x00000000176a0000)]

Stack: [0x00000000175a0000,0x00000000176a0000]
[error occurred during error reporting (printing stack bounds), id 0xc0000005]

Native frames: (J=compiled Java code, j=interpreted, Vv=VM code, C=native code)


Current CompileTask:
C2:   2018 1150       4       com.android.dx.ssa.SCCP::simulateStmt (481 bytes)


---------------  P R O C E S S  ---------------

Java Threads: ( => current thread )
  0x00000000180c4800 JavaThread "pool-2-thread-4" [_thread_blocked, id=9704, stack(0x0000000018d30000,0x0000000018e30000)]
  0x0000000016537000 JavaThread "pool-2-thread-3" [_thread_blocked, id=9004, stack(0x00000000188f0000,0x00000000189f0000)]
  0x0000000016534800 JavaThread "pool-2-thread-2" [_thread_blocked, id=11236, stack(0x0000000018b80000,0x0000000018c80000)]
  0x00000000164f7800 JavaThread "pool-3-thread-1" [_thread_blocked, id=10948, stack(0x0000000018a40000,0x0000000018b40000)]
  0x00000000164f4800 JavaThread "pool-2-thread-1" [_thread_blocked, id=11716, stack(0x0000000017ec0000,0x0000000017fc0000)]
  0x00000000162f3800 JavaThread "Service Thread" daemon [_thread_blocked, id=2008, stack(0x0000000017d70000,0x0000000017e70000)]
  0x00000000162c2800 JavaThread "C1 CompilerThread3" daemon [_thread_blocked, id=7028, stack(0x0000000017c40000,0x0000000017d40000)]
  0x000000001509f000 JavaThread "C2 CompilerThread2" daemon [_thread_in_native, id=11856, stack(0x0000000017b10000,0x0000000017c10000)]
=>0x000000001509e000 JavaThread "C2 CompilerThread1" daemon [_thread_in_native, id=7060, stack(0x00000000175a0000,0x00000000176a0000)]
  0x0000000016254000 JavaThread "C2 CompilerThread0" daemon [_thread_blocked, id=7972, stack(0x0000000017a10000,0x0000000017b10000)]
  0x0000000016251000 JavaThread "Attach Listener" daemon [_thread_blocked, id=10520, stack(0x00000000178a0000,0x00000000179a0000)]
  0x0000000016250000 JavaThread "Signal Dispatcher" daemon [_thread_blocked, id=10780, stack(0x00000000176b0000,0x00000000177b0000)]
  0x000000001508b000 JavaThread "Finalizer" daemon [_thread_blocked, id=7944, stack(0x0000000017480000,0x0000000017580000)]
  0x0000000015084800 JavaThread "Reference Handler" daemon [_thread_blocked, id=11680, stack(0x0000000017380000,0x0000000017480000)]
  0x00000000002ae000 JavaThread "main" [_thread_blocked, id=11912, stack(0x0000000002060000,0x0000000002160000)]

Other Threads:
  0x0000000016200800 VMThread [stack: 0x0000000017210000,0x0000000017310000] [id=12220]
  0x00000000162e6800 WatcherThread [stack: 0x0000000017fc0000,0x00000000180c0000] [id=12276]

VM state:not at safepoint (normal execution)

VM Mutex/Monitor currently owned by a thread: None

Heap:
 PSYoungGen      total 67072K, used 38479K [0x00000000eab00000, 0x00000000ef580000, 0x0000000100000000)
  eden space 57856K, 66% used [0x00000000eab00000,0x00000000ed093ef0,0x00000000ee380000)
  from space 9216K, 0% used [0x00000000eec80000,0x00000000eec80000,0x00000000ef580000)
  to   space 9216K, 0% used [0x00000000ee380000,0x00000000ee380000,0x00000000eec80000)
 ParOldGen       total 153088K, used 0K [0x00000000c0000000, 0x00000000c9580000, 0x00000000eab00000)
  object space 153088K, 0% used [0x00000000c0000000,0x00000000c0000000,0x00000000c9580000)
 Metaspace       used 5971K, capacity 6896K, committed 7040K, reserved 1056768K
  class space    used 599K, capacity 616K, committed 640K, reserved 1048576K

Card table byte_map: [0x00000000117f0000,0x0000000011a00000] byte_map_base: 0x00000000111f0000

Marking Bits: (ParMarkBitMap*) 0x0000000052f4a5b0
 Begin Bits: [0x00000000124a0000, 0x00000000134a0000)
 End Bits:   [0x00000000134a0000, 0x00000000144a0000)

Polling page: 0x0000000000250000

CodeCache: size=245760Kb used=4483Kb max_used=4491Kb free=241276Kb
 bounds [0x0000000002430000, 0x00000000028a0000, 0x0000000011430000]
 total_blobs=1423 nmethods=1154 adapters=182
 compilation: enabled

Compilation events (10 events):
Event: 1.994 Thread 0x00000000162c2800 nmethod 1153 0x000000000288bb10 code [0x000000000288c100, 0x0000000002890158]
Event: 1.994 Thread 0x0000000016254000 nmethod 1154 0x0000000002850910 code [0x0000000002850a40, 0x0000000002850ad8]
Event: 1.994 Thread 0x0000000016254000 1155       4       java.util.ArrayList::subListRangeCheck (110 bytes)
Event: 1.995 Thread 0x0000000016254000 nmethod 1155 0x0000000002858bd0 code [0x0000000002858d00, 0x0000000002858d98]
Event: 2.001 Thread 0x0000000016254000 1157       4       com.android.dx.ssa.DeadCodeRemover$NoSideEffectVisitor::visitNonMoveInsn (28 bytes)
Event: 2.001 Thread 0x00000000162c2800 1156       3       com.android.dx.dex.file.MemberIdItem::<init> (14 bytes)
Event: 2.011 Thread 0x0000000016254000 nmethod 1157 0x0000000002894810 code [0x0000000002894980, 0x0000000002894c88]
Event: 2.015 Thread 0x00000000162c2800 nmethod 1156 0x0000000002893f90 code [0x0000000002894120, 0x00000000028945c8]
Event: 2.015 Thread 0x00000000162c2800 1158       3       com.android.dx.util.MutabilityControl::<init> (10 bytes)
Event: 2.015 Thread 0x00000000162c2800 nmethod 1158 0x0000000002893bd0 code [0x0000000002893d20, 0x0000000002893ed0]

GC Heap History (0 events):
No events

Deoptimization events (8 events):
Event: 0.598 Thread 0x00000000002ae000 Uncommon trap: reason=unstable_if action=reinterpret pc=0x000000000262c5ac method=java.util.HashMap.getNode(ILjava/lang/Object;)Ljava/util/HashMap$Node; @ 62
Event: 1.653 Thread 0x00000000164f4800 Uncommon trap: reason=bimorphic action=maybe_recompile pc=0x0000000002696b48 method=java.util.HashMap.getNode(ILjava/lang/Object;)Ljava/util/HashMap$Node; @ 126
Event: 1.663 Thread 0x0000000016534800 Uncommon trap: reason=unloaded action=reinterpret pc=0x00000000026f55f8 method=com.android.dx.ssa.SsaRenamer$BlockRenamer.visitMoveInsn(Lcom/android/dx/ssa/NormalSsaInsn;)V @ 208
Event: 1.664 Thread 0x0000000016534800 Uncommon trap: reason=unstable_if action=reinterpret pc=0x0000000002768480 method=com.android.dx.ssa.NormalSsaInsn.getLocalAssignment()Lcom/android/dx/rop/code/RegisterSpec; @ 12
Event: 1.664 Thread 0x0000000016534800 Uncommon trap: reason=unstable_if action=reinterpret pc=0x0000000002734d18 method=com.android.dx.ssa.NormalSsaInsn.getLocalAssignment()Lcom/android/dx/rop/code/RegisterSpec; @ 12
Event: 1.664 Thread 0x0000000016534800 Uncommon trap: reason=unstable_if action=reinterpret pc=0x00000000026da9a0 method=com.android.dx.ssa.NormalSsaInsn.getLocalAssignment()Lcom/android/dx/rop/code/RegisterSpec; @ 12
Event: 1.745 Thread 0x00000000164f4800 Uncommon trap: reason=bimorphic action=maybe_recompile pc=0x0000000002696b48 method=java.util.HashMap.getNode(ILjava/lang/Object;)Ljava/util/HashMap$Node; @ 126
Event: 1.785 Thread 0x00000000180c4800 Uncommon trap: reason=bimorphic action=maybe_recompile pc=0x0000000002696b48 method=java.util.HashMap.getNode(ILjava/lang/Object;)Ljava/util/HashMap$Node; @ 126

Internal exceptions (2 events):
Event: 0.024 Thread 0x00000000002ae000 Exception <a 'java/lang/NoSuchMethodError': Method sun.misc.Unsafe.defineClass(Ljava/lang/String;[BII)Ljava/lang/Class; name or signature does not match> (0x00000000eab0d7c0) thrown at [C:\re\workspace\8-2-build-windows-amd64-cygwin\jdk8u60\4407\hotspot\sræ^Ã^5y˜?
Event: 0.024 Thread 0x00000000002ae000 Exception <a 'java/lang/NoSuchMethodError': Method sun.misc.Unsafe.prefetchRead(Ljava/lang/Object;J)V name or signature does not match> (0x00000000eab0daa8) thrown at [C:\re\workspace\8-2-build-windows-amd64-cygwin\jdk8u60\4407\hotspot\src\share\vm\prims\j

Events (10 events):
Event: 1.695 loading class com/android/dx/dex/file/AnnotationSetRefItem
Event: 1.695 loading class com/android/dx/dex/file/AnnotationSetRefItem done
Event: 1.745 Thread 0x00000000164f4800 Uncommon trap: trap_request=0xffffffc6 fr.pc=0x0000000002696b48
Event: 1.745 Thread 0x00000000164f4800 DEOPT PACKING pc=0x0000000002696b48 sp=0x0000000017fbeda0
Event: 1.745 Thread 0x00000000164f4800 DEOPT UNPACKING pc=0x000000000247582a sp=0x0000000017fbecc8 mode 2
Event: 1.767 Executing VM operation: ForceSafepoint
Event: 1.772 Executing VM operation: ForceSafepoint done
Event: 1.785 Thread 0x00000000180c4800 Uncommon trap: trap_request=0xffffffc6 fr.pc=0x0000000002696b48
Event: 1.785 Thread 0x00000000180c4800 DEOPT PACKING pc=0x0000000002696b48 sp=0x0000000018e2eaf0
Event: 1.785 Thread 0x00000000180c4800 DEOPT UNPACKING pc=0x000000000247582a sp=0x0000000018e2ea18 mode 2


Dynamic libraries:
0x000000013fc20000 - 0x000000013fc57000 	X:\Program Files\Java\jdk1.8.0_60\bin\java.exe
0x0000000077060000 - 0x000000007720a000 	C:\Windows\SYSTEM32\ntdll.dll
0x0000000076f40000 - 0x000000007705f000 	C:\Windows\system32\kernel32.dll
0x000007fefd120000 - 0x000007fefd18a000 	C:\Windows\system32\KERNELBASE.dll
0x000007fefe8b0000 - 0x000007fefe98b000 	C:\Windows\system32\ADVAPI32.dll
0x000007fefd1a0000 - 0x000007fefd23f000 	C:\Windows\system32\msvcrt.dll
0x000007feff040000 - 0x000007feff05f000 	C:\Windows\SYSTEM32\sechost.dll
0x000007feff0c0000 - 0x000007feff1ed000 	C:\Windows\system32\RPCRT4.dll
0x0000000076e40000 - 0x0000000076f3a000 	C:\Windows\system32\USER32.dll
0x000007feff270000 - 0x000007feff2d7000 	C:\Windows\system32\GDI32.dll
0x000007feff2e0000 - 0x000007feff2ee000 	C:\Windows\system32\LPK.dll
0x000007fefeba0000 - 0x000007fefec6a000 	C:\Windows\system32\USP10.dll
0x000007fefb620000 - 0x000007fefb814000 	C:\Windows\WinSxS\amd64_microsoft.windows.common-controls_6595b64144ccf1df_6.0.7601.18837_none_fa3b1e3d17594757\COMCTL32.dll
0x000007feff1f0000 - 0x000007feff261000 	C:\Windows\system32\SHLWAPI.dll
0x000007fefd350000 - 0x000007fefd37e000 	C:\Windows\system32\IMM32.DLL
0x000007fefd240000 - 0x000007fefd349000 	C:\Windows\system32\MSCTF.dll
0x00000000794d0000 - 0x00000000795a2000 	X:\Program Files\Java\jdk1.8.0_60\jre\bin\msvcr100.dll
0x0000000052740000 - 0x0000000052fc9000 	X:\Program Files\Java\jdk1.8.0_60\jre\bin\server\jvm.dll
0x000007feed470000 - 0x000007feed479000 	C:\Windows\system32\WSOCK32.dll
0x000007fefec70000 - 0x000007fefecbd000 	C:\Windows\system32\WS2_32.dll
0x000007feff030000 - 0x000007feff038000 	C:\Windows\system32\NSI.dll
0x000007fefa930000 - 0x000007fefa96b000 	C:\Windows\system32\WINMM.dll
0x000007fefc0e0000 - 0x000007fefc0ec000 	C:\Windows\system32\VERSION.dll
0x0000000077230000 - 0x0000000077237000 	C:\Windows\system32\PSAPI.DLL
0x00000000668a0000 - 0x00000000668af000 	X:\Program Files\Java\jdk1.8.0_60\jre\bin\verify.dll
0x00000000627c0000 - 0x00000000627e9000 	X:\Program Files\Java\jdk1.8.0_60\jre\bin\java.dll
0x00000000626b0000 - 0x00000000626c6000 	X:\Program Files\Java\jdk1.8.0_60\jre\bin\zip.dll
0x000007fefd940000 - 0x000007fefe6ca000 	C:\Windows\system32\SHELL32.dll
0x000007fefe990000 - 0x000007fefeb93000 	C:\Windows\system32\ole32.dll
0x000007fefcde0000 - 0x000007fefcdef000 	C:\Windows\system32\profapi.dll

VM Arguments:
jvm_args: -Djava.awt.headless=true -Xmx1024M -Dfile.encoding=windows-1252 -Duser.country=HK -Duser.language=zh -Duser.variant 
java_command: com.android.dx.command.Main --dex --force-jumbo --num-threads=4 --multi-dex --output X:\Android\projects\CSE110\CoupleTones\app\build\intermediates\transforms\dex\debug\folders\1000\10\com.google.android.gms-play-services-location-8.4.0_dd68f576b8a71cefd89405b6b1ca73e0234a42a7 X:\Android\projects\CSE110\CoupleTones\app\build\intermediates\exploded-aar\com.google.android.gms\play-services-location\8.4.0\jars\classes.jar
java_class_path (initial): X:\Android\sdk\build-tools\23.0.3\lib\dx.jar
Launcher Type: SUN_STANDARD

Environment Variables:
PATH=C:\ProgramData\Oracle\Java\javapath;C:\Program Files (x86)\Intel\iCLS Client\;C:\Program Files\Intel\iCLS Client\;C:\Windows\system32;C:\Windows;C:\Windows\System32\Wbem;C:\Windows\System32\WindowsPowerShell\v1.0\;C:\Program Files (x86)\Skype\Phone\;C:\Program Files\Intel\Intel(R) Management Engine Components\DAL;C:\Program Files\Intel\Intel(R) Management Engine Components\IPT;C:\Program Files (x86)\Intel\Intel(R) Management Engine Components\DAL;C:\Program Files (x86)\Intel\Intel(R) Management Engine Components\IPT;C:\Program Files (x86)\NVIDIA Corporation\PhysX\Common;C:\Windows\system32;C:\Windows;C:\Windows\System32\Wbem;C:\Windows\system32\config\systemprofile\.dnx\bin;C:\Program Files\Microsoft DNX\Dnvm\;C:\Program Files (x86)\Windows Kits\8.1\Windows Performance Toolkit\;X:\Program Files\Git\cmd
USERNAME=HUDSON
OS=Windows_NT
PROCESSOR_IDENTIFIER=Intel64 Family 6 Model 58 Stepping 9, GenuineIntel



---------------  S Y S T E M  ---------------

OS: Windows 7 , 64 bit Build 7601 (6.1.7601.23392)

CPU:total 8 (4 cores per cpu, 2 threads per core) family 6 model 58 stepping 9, cmov, cx8, fxsr, mmx, sse, sse2, sse3, ssse3, sse4.1, sse4.2, popcnt, avx, aes, clmul, erms, ht, tsc, tscinvbit, tscinv

Memory: 4k page, physical 14635112k(2719176k free), swap 14633256k(5120k free)

vm_info: Java HotSpot(TM) 64-Bit Server VM (25.60-b23) for windows-amd64 JRE (1.8.0_60-b27), built on Aug  4 2015 11:06:27 by "java_re" with MS VC++ 10.0 (VS2010)

time: Sun Apr 17 18:11:32 2016
elapsed time: 2 seconds (0d 0h 0m 2s)

