#
# There is insufficient memory for the Java Runtime Environment to continue.
# Native memory allocation (malloc) failed to allocate 1413296 bytes for Chunk::new
# Possible reasons:
#   The system is out of physical RAM or swap space
#   In 32 bit mode, the process size limit was hit
# Possible solutions:
#   Reduce memory load on the system
#   Increase physical memory or swap space
#   Check if swap backing store is full
#   Use 64 bit Java on a 64 bit OS
#   Decrease Java heap size (-Xmx/-Xms)
#   Decrease number of Java threads
#   Decrease Java thread stack sizes (-Xss)
#   Set larger code cache with -XX:ReservedCodeCacheSize=
# This output file may be truncated or incomplete.
#
#  Out of Memory Error (allocation.cpp:390), pid=9412, tid=6936
#
# JRE version: Java(TM) SE Runtime Environment (8.0_60-b27) (build 1.8.0_60-b27)
# Java VM: Java HotSpot(TM) 64-Bit Server VM (25.60-b23 mixed mode windows-amd64 compressed oops)
# Failed to write core dump. Minidumps are not enabled by default on client versions of Windows
#

---------------  T H R E A D  ---------------

Current thread (0x0000000016444800):  JavaThread "C2 CompilerThread2" daemon [_thread_in_native, id=6936, stack(0x0000000017f30000,0x0000000018030000)]

Stack: [0x0000000017f30000,0x0000000018030000]
[error occurred during error reporting (printing stack bounds), id 0xc0000005]

Native frames: (J=compiled Java code, j=interpreted, Vv=VM code, C=native code)


Current CompileTask:
C2:   3194 1356       4       com.android.dx.dex.code.OutputFinisher::addConstants (93 bytes)


---------------  P R O C E S S  ---------------

Java Threads: ( => current thread )
  0x00000000165ca800 JavaThread "pool-1-thread-1" [_thread_in_vm, id=11732, stack(0x0000000018330000,0x0000000018430000)]
  0x00000000164f0000 JavaThread "Service Thread" daemon [_thread_blocked, id=10656, stack(0x0000000017870000,0x0000000017970000)]
  0x0000000016496800 JavaThread "C1 CompilerThread3" daemon [_thread_blocked, id=7432, stack(0x0000000018030000,0x0000000018130000)]
=>0x0000000016444800 JavaThread "C2 CompilerThread2" daemon [_thread_in_native, id=6936, stack(0x0000000017f30000,0x0000000018030000)]
  0x0000000016443800 JavaThread "C2 CompilerThread1" daemon [_thread_blocked, id=1108, stack(0x0000000017df0000,0x0000000017ef0000)]
  0x000000001643c000 JavaThread "C2 CompilerThread0" daemon [_thread_blocked, id=7452, stack(0x0000000017bf0000,0x0000000017cf0000)]
  0x000000001644e000 JavaThread "Attach Listener" daemon [_thread_blocked, id=5552, stack(0x0000000017a90000,0x0000000017b90000)]
  0x000000001644c800 JavaThread "Signal Dispatcher" daemon [_thread_blocked, id=10560, stack(0x0000000017990000,0x0000000017a90000)]
  0x0000000015390800 JavaThread "Finalizer" daemon [_thread_blocked, id=11908, stack(0x0000000017760000,0x0000000017860000)]
  0x00000000163f3800 JavaThread "Reference Handler" daemon [_thread_blocked, id=7436, stack(0x0000000017580000,0x0000000017680000)]
  0x0000000001f2e000 JavaThread "main" [_thread_blocked, id=10744, stack(0x00000000021a0000,0x00000000022a0000)]

Other Threads:
  0x00000000163f0800 VMThread [stack: 0x0000000017370000,0x0000000017470000] [id=12220]
  0x00000000164c5000 WatcherThread [stack: 0x0000000018200000,0x0000000018300000] [id=11748]

VM state:not at safepoint (normal execution)

VM Mutex/Monitor currently owned by a thread: None

Heap:
 PSYoungGen      total 67072K, used 17978K [0x00000000eab00000, 0x00000000ef580000, 0x0000000100000000)
  eden space 57856K, 16% used [0x00000000eab00000,0x00000000eb466790,0x00000000ee380000)
  from space 9216K, 90% used [0x00000000ee380000,0x00000000eeba8288,0x00000000eec80000)
  to   space 9216K, 0% used [0x00000000eec80000,0x00000000eec80000,0x00000000ef580000)
 ParOldGen       total 153088K, used 16K [0x00000000c0000000, 0x00000000c9580000, 0x00000000eab00000)
  object space 153088K, 0% used [0x00000000c0000000,0x00000000c0004000,0x00000000c9580000)
 Metaspace       used 6309K, capacity 7160K, committed 7296K, reserved 1056768K
  class space    used 621K, capacity 624K, committed 640K, reserved 1048576K

Card table byte_map: [0x0000000011930000,0x0000000011b40000] byte_map_base: 0x0000000011330000

Marking Bits: (ParMarkBitMap*) 0x0000000052f4a5b0
 Begin Bits: [0x00000000127a0000, 0x00000000137a0000)
 End Bits:   [0x00000000137a0000, 0x00000000147a0000)

Polling page: 0x0000000000140000

CodeCache: size=245760Kb used=5991Kb max_used=6002Kb free=239768Kb
 bounds [0x0000000002570000, 0x0000000002b60000, 0x0000000011570000]
 total_blobs=1847 nmethods=1577 adapters=183
 compilation: enabled

Compilation events (10 events):
Event: 3.184 Thread 0x0000000016496800 1591       3       com.android.dx.dex.code.LocalList$Entry::getName (11 bytes)
Event: 3.184 Thread 0x0000000016496800 nmethod 1591 0x0000000002b4cdd0 code [0x0000000002b4cf20, 0x0000000002b4d130]
Event: 3.184 Thread 0x0000000016496800 1588       3       com.android.dx.dex.file.OffsettedItem::setWriteSize (37 bytes)
Event: 3.185 Thread 0x0000000016496800 nmethod 1588 0x0000000002b4c790 code [0x0000000002b4c920, 0x0000000002b4cc78]
Event: 3.185 Thread 0x0000000016496800 1592       1       com.android.dx.dex.code.DalvInsnList::getRegistersSize (5 bytes)
Event: 3.185 Thread 0x0000000016496800 nmethod 1592 0x0000000002b4c4d0 code [0x0000000002b4c620, 0x0000000002b4c730]
Event: 3.191 Thread 0x0000000016496800 1593       1       com.android.dx.rop.annotation.NameValuePair::getValue (5 bytes)
Event: 3.191 Thread 0x000000001643c000 1594       4       com.android.dx.util.ByteArrayAnnotatedOutput::writeByte (51 bytes)
Event: 3.191 Thread 0x0000000016496800 nmethod 1593 0x0000000002b4f150 code [0x0000000002b4f2a0, 0x0000000002b4f3b0]
Event: 3.192 Thread 0x000000001643c000 nmethod 1594 0x0000000002b52110 code [0x0000000002b52260, 0x0000000002b52358]

GC Heap History (2 events):
Event: 2.490 GC heap before
{Heap before GC invocations=1 (full 0):
 PSYoungGen      total 67072K, used 57856K [0x00000000eab00000, 0x00000000ef580000, 0x0000000100000000)
  eden space 57856K, 100% used [0x00000000eab00000,0x00000000ee380000,0x00000000ee380000)
  from space 9216K, 0% used [0x00000000eec80000,0x00000000eec80000,0x00000000ef580000)
  to   space 9216K, 0% used [0x00000000ee380000,0x00000000ee380000,0x00000000eec80000)
 ParOldGen       total 153088K, used 0K [0x00000000c0000000, 0x00000000c9580000, 0x00000000eab00000)
  object space 153088K, 0% used [0x00000000c0000000,0x00000000c0000000,0x00000000c9580000)
 Metaspace       used 5973K, capacity 6898K, committed 7040K, reserved 1056768K
  class space    used 599K, capacity 618K, committed 640K, reserved 1048576K
Event: 2.667 GC heap after
Heap after GC invocations=1 (full 0):
 PSYoungGen      total 67072K, used 8352K [0x00000000eab00000, 0x00000000ef580000, 0x0000000100000000)
  eden space 57856K, 0% used [0x00000000eab00000,0x00000000eab00000,0x00000000ee380000)
  from space 9216K, 90% used [0x00000000ee380000,0x00000000eeba8288,0x00000000eec80000)
  to   space 9216K, 0% used [0x00000000eec80000,0x00000000eec80000,0x00000000ef580000)
 ParOldGen       total 153088K, used 16K [0x00000000c0000000, 0x00000000c9580000, 0x00000000eab00000)
  object space 153088K, 0% used [0x00000000c0000000,0x00000000c0004000,0x00000000c9580000)
 Metaspace       used 5973K, capacity 6898K, committed 7040K, reserved 1056768K
  class space    used 599K, capacity 618K, committed 640K, reserved 1048576K
}

Deoptimization events (10 events):
Event: 2.945 Thread 0x00000000165ca800 Uncommon trap: reason=bimorphic action=maybe_recompile pc=0x0000000002772648 method=java.util.HashMap.getNode(ILjava/lang/Object;)Ljava/util/HashMap$Node; @ 126
Event: 2.945 Thread 0x00000000165ca800 Uncommon trap: reason=bimorphic action=maybe_recompile pc=0x0000000002772648 method=java.util.HashMap.getNode(ILjava/lang/Object;)Ljava/util/HashMap$Node; @ 126
Event: 2.950 Thread 0x00000000165ca800 Uncommon trap: reason=bimorphic action=maybe_recompile pc=0x000000000274ab08 method=java.util.HashMap.getNode(ILjava/lang/Object;)Ljava/util/HashMap$Node; @ 126
Event: 2.982 Thread 0x00000000165ca800 Uncommon trap: reason=speculate_class_check action=maybe_recompile pc=0x000000000288bfb8 method=com.android.dx.util.FixedSizeList.equals(Ljava/lang/Object;)Z @ 25
Event: 2.982 Thread 0x00000000165ca800 Uncommon trap: reason=speculate_class_check action=maybe_recompile pc=0x000000000288bfb8 method=com.android.dx.util.FixedSizeList.equals(Ljava/lang/Object;)Z @ 25
Event: 2.982 Thread 0x00000000165ca800 Uncommon trap: reason=speculate_class_check action=maybe_recompile pc=0x000000000288bfb8 method=com.android.dx.util.FixedSizeList.equals(Ljava/lang/Object;)Z @ 25
Event: 2.982 Thread 0x00000000165ca800 Uncommon trap: reason=speculate_class_check action=maybe_recompile pc=0x000000000288bfb8 method=com.android.dx.util.FixedSizeList.equals(Ljava/lang/Object;)Z @ 25
Event: 3.014 Thread 0x00000000165ca800 Uncommon trap: reason=unstable_if action=reinterpret pc=0x0000000002939cf0 method=com.android.dx.rop.code.RegisterSpecSet.equals(Ljava/lang/Object;)Z @ 30
Event: 3.098 Thread 0x00000000165ca800 Uncommon trap: reason=unstable_if action=reinterpret pc=0x0000000002ae2a28 method=com.android.dx.dex.code.LocalList$MakeState.filterSpec(Lcom/android/dx/rop/code/RegisterSpec;)Lcom/android/dx/rop/code/RegisterSpec; @ 11
Event: 3.098 Thread 0x00000000165ca800 Uncommon trap: reason=unstable_if action=reinterpret pc=0x0000000002af86a0 method=com.android.dx.dex.code.LocalList$MakeState.filterSpec(Lcom/android/dx/rop/code/RegisterSpec;)Lcom/android/dx/rop/code/RegisterSpec; @ 11

Internal exceptions (4 events):
Event: 0.044 Thread 0x0000000001f2e000 Exception <a 'java/lang/NoSuchMethodError': Method sun.misc.Unsafe.defineClass(Ljava/lang/String;[BII)Ljava/lang/Class; name or signature does not match> (0x00000000eab0d668) thrown at [C:\re\workspace\8-2-build-windows-amd64-cygwin\jdk8u60\4407\hotspot\sr¬¥"Û”¦?
Event: 0.044 Thread 0x0000000001f2e000 Exception <a 'java/lang/NoSuchMethodError': Method sun.misc.Unsafe.prefetchRead(Ljava/lang/Object;J)V name or signature does not match> (0x00000000eab0d950) thrown at [C:\re\workspace\8-2-build-windows-amd64-cygwin\jdk8u60\4407\hotspot\src\share\vm\prims\jVª}´\
Event: 2.045 Thread 0x0000000001f2e000 Implicit null exception at 0x00000000028edf7e to 0x00000000028eefa5
Event: 2.330 Thread 0x0000000016615000 Implicit null exception at 0x00000000028fd7f9 to 0x00000000028fe62d

Events (10 events):
Event: 3.153 loading class com/android/dx/dex/file/DebugInfoEncoder$1
Event: 3.153 loading class com/android/dx/dex/file/DebugInfoEncoder$1 done
Event: 3.153 loading class com/android/dx/dex/file/DebugInfoEncoder$2
Event: 3.153 loading class com/android/dx/dex/file/DebugInfoEncoder$2 done
Event: 3.182 loading class com/android/dex/EncodedValueCodec
Event: 3.182 loading class com/android/dex/EncodedValueCodec done
Event: 3.192 loading class com/android/dx/dex/file/MapItem
Event: 3.192 loading class com/android/dx/dex/file/MapItem done
Event: 3.193 loading class com/android/dx/dex/file/UniformListItem
Event: 3.193 loading class com/android/dx/dex/file/UniformListItem done


Dynamic libraries:
0x000000013fc20000 - 0x000000013fc57000 	X:\Program Files\Java\jdk1.8.0_60\bin\java.exe
0x0000000077060000 - 0x000000007720a000 	C:\Windows\SYSTEM32\ntdll.dll
0x0000000076f40000 - 0x000000007705f000 	C:\Windows\system32\kernel32.dll
0x000007fefd120000 - 0x000007fefd18a000 	C:\Windows\system32\KERNELBASE.dll
0x000007fefe8b0000 - 0x000007fefe98b000 	C:\Windows\system32\ADVAPI32.dll
0x000007fefd1a0000 - 0x000007fefd23f000 	C:\Windows\system32\msvcrt.dll
0x000007feff040000 - 0x000007feff05f000 	C:\Windows\SYSTEM32\sechost.dll
0x000007feff0c0000 - 0x000007feff1ed000 	C:\Windows\system32\RPCRT4.dll
0x0000000076e40000 - 0x0000000076f3a000 	C:\Windows\system32\USER32.dll
0x000007feff270000 - 0x000007feff2d7000 	C:\Windows\system32\GDI32.dll
0x000007feff2e0000 - 0x000007feff2ee000 	C:\Windows\system32\LPK.dll
0x000007fefeba0000 - 0x000007fefec6a000 	C:\Windows\system32\USP10.dll
0x000007fefb620000 - 0x000007fefb814000 	C:\Windows\WinSxS\amd64_microsoft.windows.common-controls_6595b64144ccf1df_6.0.7601.18837_none_fa3b1e3d17594757\COMCTL32.dll
0x000007feff1f0000 - 0x000007feff261000 	C:\Windows\system32\SHLWAPI.dll
0x000007fefd350000 - 0x000007fefd37e000 	C:\Windows\system32\IMM32.DLL
0x000007fefd240000 - 0x000007fefd349000 	C:\Windows\system32\MSCTF.dll
0x00000000794d0000 - 0x00000000795a2000 	X:\Program Files\Java\jdk1.8.0_60\jre\bin\msvcr100.dll
0x0000000052740000 - 0x0000000052fc9000 	X:\Program Files\Java\jdk1.8.0_60\jre\bin\server\jvm.dll
0x000007feed470000 - 0x000007feed479000 	C:\Windows\system32\WSOCK32.dll
0x000007fefec70000 - 0x000007fefecbd000 	C:\Windows\system32\WS2_32.dll
0x000007feff030000 - 0x000007feff038000 	C:\Windows\system32\NSI.dll
0x000007fefa930000 - 0x000007fefa96b000 	C:\Windows\system32\WINMM.dll
0x000007fefc0e0000 - 0x000007fefc0ec000 	C:\Windows\system32\VERSION.dll
0x0000000077230000 - 0x0000000077237000 	C:\Windows\system32\PSAPI.DLL
0x00000000668a0000 - 0x00000000668af000 	X:\Program Files\Java\jdk1.8.0_60\jre\bin\verify.dll
0x00000000627c0000 - 0x00000000627e9000 	X:\Program Files\Java\jdk1.8.0_60\jre\bin\java.dll
0x00000000626b0000 - 0x00000000626c6000 	X:\Program Files\Java\jdk1.8.0_60\jre\bin\zip.dll
0x000007fefd940000 - 0x000007fefe6ca000 	C:\Windows\system32\SHELL32.dll
0x000007fefe990000 - 0x000007fefeb93000 	C:\Windows\system32\ole32.dll
0x000007fefcde0000 - 0x000007fefcdef000 	C:\Windows\system32\profapi.dll

VM Arguments:
jvm_args: -Djava.awt.headless=true -Xmx1024M -Dfile.encoding=windows-1252 -Duser.country=HK -Duser.language=zh -Duser.variant 
java_command: com.android.dx.command.Main --dex --force-jumbo --num-threads=4 --multi-dex --output X:\Android\projects\CSE110\CoupleTones\app\build\intermediates\transforms\dex\debug\folders\1000\10\instant-run_322e2041bce815804083f40b145f323105e6e40f X:\Android\projects\CSE110\CoupleTones\app\build\intermediates\incremental-runtime-classes\debug\instant-run.jar
java_class_path (initial): X:\Android\sdk\build-tools\23.0.3\lib\dx.jar
Launcher Type: SUN_STANDARD

Environment Variables:
PATH=C:\ProgramData\Oracle\Java\javapath;C:\Program Files (x86)\Intel\iCLS Client\;C:\Program Files\Intel\iCLS Client\;C:\Windows\system32;C:\Windows;C:\Windows\System32\Wbem;C:\Windows\System32\WindowsPowerShell\v1.0\;C:\Program Files (x86)\Skype\Phone\;C:\Program Files\Intel\Intel(R) Management Engine Components\DAL;C:\Program Files\Intel\Intel(R) Management Engine Components\IPT;C:\Program Files (x86)\Intel\Intel(R) Management Engine Components\DAL;C:\Program Files (x86)\Intel\Intel(R) Management Engine Components\IPT;C:\Program Files (x86)\NVIDIA Corporation\PhysX\Common;C:\Windows\system32;C:\Windows;C:\Windows\System32\Wbem;C:\Windows\system32\config\systemprofile\.dnx\bin;C:\Program Files\Microsoft DNX\Dnvm\;C:\Program Files (x86)\Windows Kits\8.1\Windows Performance Toolkit\;X:\Program Files\Git\cmd
USERNAME=HUDSON
OS=Windows_NT
PROCESSOR_IDENTIFIER=Intel64 Family 6 Model 58 Stepping 9, GenuineIntel



---------------  S Y S T E M  ---------------

OS: Windows 7 , 64 bit Build 7601 (6.1.7601.23392)

CPU:total 8 (4 cores per cpu, 2 threads per core) family 6 model 58 stepping 9, cmov, cx8, fxsr, mmx, sse, sse2, sse3, ssse3, sse4.1, sse4.2, popcnt, avx, aes, clmul, erms, ht, tsc, tscinvbit, tscinv

Memory: 4k page, physical 14635112k(2693768k free), swap 14633256k(12108k free)

vm_info: Java HotSpot(TM) 64-Bit Server VM (25.60-b23) for windows-amd64 JRE (1.8.0_60-b27), built on Aug  4 2015 11:06:27 by "java_re" with MS VC++ 10.0 (VS2010)

time: Sun Apr 17 18:11:18 2016
elapsed time: 3 seconds (0d 0h 0m 3s)

