#
# There is insufficient memory for the Java Runtime Environment to continue.
# Native memory allocation (malloc) failed to allocate 550384 bytes for Chunk::new
# Possible reasons:
#   The system is out of physical RAM or swap space
#   In 32 bit mode, the process size limit was hit
# Possible solutions:
#   Reduce memory load on the system
#   Increase physical memory or swap space
#   Check if swap backing store is full
#   Use 64 bit Java on a 64 bit OS
#   Decrease Java heap size (-Xmx/-Xms)
#   Decrease number of Java threads
#   Decrease Java thread stack sizes (-Xss)
#   Set larger code cache with -XX:ReservedCodeCacheSize=
# This output file may be truncated or incomplete.
#
#  Out of Memory Error (allocation.cpp:390), pid=8960, tid=11076
#
# JRE version: Java(TM) SE Runtime Environment (8.0_60-b27) (build 1.8.0_60-b27)
# Java VM: Java HotSpot(TM) 64-Bit Server VM (25.60-b23 mixed mode windows-amd64 compressed oops)
# Failed to write core dump. Minidumps are not enabled by default on client versions of Windows
#

---------------  T H R E A D  ---------------

Current thread (0x00000000163b1800):  JavaThread "C2 CompilerThread2" daemon [_thread_in_native, id=11076, stack(0x0000000017e20000,0x0000000017f20000)]

Stack: [0x0000000017e20000,0x0000000017f20000]
[error occurred during error reporting (printing stack bounds), id 0xc0000005]

Native frames: (J=compiled Java code, j=interpreted, Vv=VM code, C=native code)


Current CompileTask:
C2:   1204 1288   !   4       com.android.dx.cf.code.BytecodeArray::parseInstruction (2764 bytes)


---------------  P R O C E S S  ---------------

Java Threads: ( => current thread )
  0x0000000016640800 JavaThread "pool-2-thread-4" [_thread_blocked, id=7432, stack(0x00000000192c0000,0x00000000193c0000)]
  0x0000000016631000 JavaThread "pool-2-thread-3" [_thread_blocked, id=10656, stack(0x0000000019110000,0x0000000019210000)]
  0x00000000183ae000 JavaThread "pool-2-thread-2" [_thread_blocked, id=11748, stack(0x0000000018e30000,0x0000000018f30000)]
  0x0000000018321000 JavaThread "pool-3-thread-1" [_thread_blocked, id=11004, stack(0x0000000018c80000,0x0000000018d80000)]
  0x00000000182ea800 JavaThread "pool-2-thread-1" [_thread_blocked, id=1416, stack(0x0000000018b70000,0x0000000018c70000)]
  0x000000001642f800 JavaThread "Service Thread" daemon [_thread_blocked, id=11072, stack(0x0000000017d00000,0x0000000017e00000)]
  0x0000000016427000 JavaThread "C1 CompilerThread3" daemon [_thread_blocked, id=3380, stack(0x0000000018020000,0x0000000018120000)]
=>0x00000000163b1800 JavaThread "C2 CompilerThread2" daemon [_thread_in_native, id=11076, stack(0x0000000017e20000,0x0000000017f20000)]
  0x00000000163b0800 JavaThread "C2 CompilerThread1" daemon [_thread_in_native, id=4760, stack(0x00000000172b0000,0x00000000173b0000)]
  0x00000000163a9000 JavaThread "C2 CompilerThread0" daemon [_thread_in_native, id=11916, stack(0x0000000017bc0000,0x0000000017cc0000)]
  0x00000000163b8000 JavaThread "Attach Listener" daemon [_thread_blocked, id=11360, stack(0x0000000017a10000,0x0000000017b10000)]
  0x00000000163b7000 JavaThread "Signal Dispatcher" daemon [_thread_blocked, id=3396, stack(0x0000000017890000,0x0000000017990000)]
  0x00000000152f5800 JavaThread "Finalizer" daemon [_thread_blocked, id=12104, stack(0x00000000176d0000,0x00000000177d0000)]
  0x00000000152f4800 JavaThread "Reference Handler" daemon [_thread_blocked, id=8420, stack(0x0000000017580000,0x0000000017680000)]
  0x0000000001eae000 JavaThread "main" [_thread_in_native, id=7944, stack(0x00000000021b0000,0x00000000022b0000)]

Other Threads:
  0x0000000016360800 VMThread [stack: 0x0000000017410000,0x0000000017510000] [id=7060]
  0x0000000016435000 WatcherThread [stack: 0x0000000018180000,0x0000000018280000] [id=7440]

VM state:not at safepoint (normal execution)

VM Mutex/Monitor currently owned by a thread: None

Heap:
 PSYoungGen      total 67072K, used 42820K [0x00000000eab00000, 0x00000000ef580000, 0x0000000100000000)
  eden space 57856K, 74% used [0x00000000eab00000,0x00000000ed4d1138,0x00000000ee380000)
  from space 9216K, 0% used [0x00000000eec80000,0x00000000eec80000,0x00000000ef580000)
  to   space 9216K, 0% used [0x00000000ee380000,0x00000000ee380000,0x00000000eec80000)
 ParOldGen       total 153088K, used 0K [0x00000000c0000000, 0x00000000c9580000, 0x00000000eab00000)
  object space 153088K, 0% used [0x00000000c0000000,0x00000000c0000000,0x00000000c9580000)
 Metaspace       used 6018K, capacity 6960K, committed 7040K, reserved 1056768K
  class space    used 595K, capacity 616K, committed 640K, reserved 1048576K

Card table byte_map: [0x0000000011940000,0x0000000011b50000] byte_map_base: 0x0000000011340000

Marking Bits: (ParMarkBitMap*) 0x0000000052f4a5b0
 Begin Bits: [0x0000000012710000, 0x0000000013710000)
 End Bits:   [0x0000000013710000, 0x0000000014710000)

Polling page: 0x0000000000430000

CodeCache: size=245760Kb used=5393Kb max_used=5397Kb free=240366Kb
 bounds [0x0000000002580000, 0x0000000002ad0000, 0x0000000011580000]
 total_blobs=1622 nmethods=1351 adapters=182
 compilation: enabled

Compilation events (10 events):
Event: 1.158 Thread 0x0000000016427000 1353       3       com.android.dx.rop.cst.TypedConstant::getBasicType (8 bytes)
Event: 1.158 Thread 0x0000000016427000 nmethod 1353 0x0000000002aba390 code [0x0000000002aba500, 0x0000000002aba7a8]
Event: 1.159 Thread 0x0000000016427000 1354       3       com.android.dx.rop.cst.TypedConstant::getBasicFrameType (8 bytes)
Event: 1.159 Thread 0x0000000016427000 nmethod 1354 0x0000000002ab9e90 code [0x0000000002aba000, 0x0000000002aba2b8]
Event: 1.159 Thread 0x0000000016427000 1355       3       com.android.dx.ssa.back.SsaToRop::verifyValidExitPredecessor (53 bytes)
Event: 1.160 Thread 0x0000000016427000 nmethod 1355 0x0000000002ac0290 code [0x0000000002ac0480, 0x0000000002ac0c98]
Event: 1.176 Thread 0x00000000163a9000 nmethod 1339% 0x0000000002ac47d0 code [0x0000000002ac4960, 0x0000000002ac5398]
Event: 1.176 Thread 0x00000000163a9000 1345       4       com.android.dx.ssa.SCCP::simulateBranch (666 bytes)
Event: 1.196 Thread 0x00000000163b0800 nmethod 1338 0x0000000002ac89d0 code [0x0000000002ac8c20, 0x0000000002aca070]
Event: 1.196 Thread 0x00000000163b0800 1341   !   4       com.android.dx.rop.code.BasicBlock::<init> (273 bytes)

GC Heap History (0 events):
No events

Deoptimization events (10 events):
Event: 0.320 Thread 0x0000000001eae000 Uncommon trap: reason=unstable_if action=reinterpret pc=0x00000000026cea44 method=java.lang.String.compareTo(Ljava/lang/String;)I @ 38
Event: 0.517 Thread 0x0000000016631000 Uncommon trap: reason=unstable_if action=reinterpret pc=0x00000000027916e0 method=java.util.BitSet.nextSetBit(I)I @ 87
Event: 0.524 Thread 0x0000000016631000 Uncommon trap: reason=unstable_if action=reinterpret pc=0x00000000027837cc method=java.util.HashMap.getNode(ILjava/lang/Object;)Ljava/util/HashMap$Node; @ 129
Event: 0.531 Thread 0x0000000016631000 Uncommon trap: reason=class_check action=maybe_recompile pc=0x00000000027dce20 method=com.android.dx.ssa.NormalSsaInsn.accept(Lcom/android/dx/ssa/SsaInsn$Visitor;)V @ 9
Event: 0.540 Thread 0x0000000016631000 Uncommon trap: reason=class_check action=maybe_recompile pc=0x00000000027dce20 method=com.android.dx.ssa.NormalSsaInsn.accept(Lcom/android/dx/ssa/SsaInsn$Visitor;)V @ 9
Event: 0.672 Thread 0x00000000183ae000 Uncommon trap: reason=unstable_if action=reinterpret pc=0x000000000280546c method=java.util.HashMap.getNode(ILjava/lang/Object;)Ljava/util/HashMap$Node; @ 129
Event: 0.696 Thread 0x00000000183ae000 Uncommon trap: reason=unstable_if action=reinterpret pc=0x000000000283dec4 method=com.android.dx.rop.cst.Constant.compareTo(Lcom/android/dx/rop/cst/Constant;)I @ 12
Event: 1.110 Thread 0x00000000183ae000 Uncommon trap: reason=null_check action=make_not_entrant pc=0x0000000002878db0 method=com.android.dx.ssa.SsaRenamer.getLocalForNewReg(I)Lcom/android/dx/rop/code/LocalItem; @ 19
Event: 1.134 Thread 0x00000000183ae000 Uncommon trap: reason=class_check action=maybe_recompile pc=0x00000000027dce20 method=com.android.dx.ssa.NormalSsaInsn.accept(Lcom/android/dx/ssa/SsaInsn$Visitor;)V @ 9
Event: 1.134 Thread 0x00000000183ae000 Uncommon trap: reason=class_check action=maybe_recompile pc=0x00000000027dce20 method=com.android.dx.ssa.NormalSsaInsn.accept(Lcom/android/dx/ssa/SsaInsn$Visitor;)V @ 9

Internal exceptions (3 events):
Event: 0.082 Thread 0x0000000001eae000 Exception <a 'java/lang/NoSuchMethodError': Method sun.misc.Unsafe.defineClass(Ljava/lang/String;[BII)Ljava/lang/Class; name or signature does not match> (0x00000000eab0d788) thrown at [C:\re\workspace\8-2-build-windows-amd64-cygwin\jdk8u60\4407\hotspot\srIÛu'µ?
Event: 0.082 Thread 0x0000000001eae000 Exception <a 'java/lang/NoSuchMethodError': Method sun.misc.Unsafe.prefetchRead(Ljava/lang/Object;J)V name or signature does not match> (0x00000000eab0da70) thrown at [C:\re\workspace\8-2-build-windows-amd64-cygwin\jdk8u60\4407\hotspot\src\share\vm\prims\jÅ_†Bs¿Ò?
Event: 1.109 Thread 0x00000000183ae000 Implicit null exception at 0x0000000002877617 to 0x0000000002878d65

Events (10 events):
Event: 0.726 Executing VM operation: Deoptimize done
Event: 1.109 Thread 0x00000000183ae000 Uncommon trap: trap_request=0xfffffff4 fr.pc=0x0000000002878db0
Event: 1.110 Thread 0x00000000183ae000 DEOPT PACKING pc=0x0000000002878db0 sp=0x0000000018f2e640
Event: 1.110 Thread 0x00000000183ae000 DEOPT UNPACKING pc=0x00000000025c582a sp=0x0000000018f2e4b8 mode 2
Event: 1.134 Thread 0x00000000183ae000 Uncommon trap: trap_request=0xffffffde fr.pc=0x00000000027dce20
Event: 1.134 Thread 0x00000000183ae000 DEOPT PACKING pc=0x00000000027dce20 sp=0x0000000018f2e6f0
Event: 1.134 Thread 0x00000000183ae000 DEOPT UNPACKING pc=0x00000000025c582a sp=0x0000000018f2e690 mode 2
Event: 1.134 Thread 0x00000000183ae000 Uncommon trap: trap_request=0xffffffde fr.pc=0x00000000027dce20
Event: 1.134 Thread 0x00000000183ae000 DEOPT PACKING pc=0x00000000027dce20 sp=0x0000000018f2e6f0
Event: 1.134 Thread 0x00000000183ae000 DEOPT UNPACKING pc=0x00000000025c582a sp=0x0000000018f2e690 mode 2


Dynamic libraries:
0x000000013fc20000 - 0x000000013fc57000 	X:\Program Files\Java\jdk1.8.0_60\bin\java.exe
0x0000000077060000 - 0x000000007720a000 	C:\Windows\SYSTEM32\ntdll.dll
0x0000000076f40000 - 0x000000007705f000 	C:\Windows\system32\kernel32.dll
0x000007fefd120000 - 0x000007fefd18a000 	C:\Windows\system32\KERNELBASE.dll
0x000007fefe8b0000 - 0x000007fefe98b000 	C:\Windows\system32\ADVAPI32.dll
0x000007fefd1a0000 - 0x000007fefd23f000 	C:\Windows\system32\msvcrt.dll
0x000007feff040000 - 0x000007feff05f000 	C:\Windows\SYSTEM32\sechost.dll
0x000007feff0c0000 - 0x000007feff1ed000 	C:\Windows\system32\RPCRT4.dll
0x0000000076e40000 - 0x0000000076f3a000 	C:\Windows\system32\USER32.dll
0x000007feff270000 - 0x000007feff2d7000 	C:\Windows\system32\GDI32.dll
0x000007feff2e0000 - 0x000007feff2ee000 	C:\Windows\system32\LPK.dll
0x000007fefeba0000 - 0x000007fefec6a000 	C:\Windows\system32\USP10.dll
0x000007fefb620000 - 0x000007fefb814000 	C:\Windows\WinSxS\amd64_microsoft.windows.common-controls_6595b64144ccf1df_6.0.7601.18837_none_fa3b1e3d17594757\COMCTL32.dll
0x000007feff1f0000 - 0x000007feff261000 	C:\Windows\system32\SHLWAPI.dll
0x000007fefd350000 - 0x000007fefd37e000 	C:\Windows\system32\IMM32.DLL
0x000007fefd240000 - 0x000007fefd349000 	C:\Windows\system32\MSCTF.dll
0x00000000794d0000 - 0x00000000795a2000 	X:\Program Files\Java\jdk1.8.0_60\jre\bin\msvcr100.dll
0x0000000052740000 - 0x0000000052fc9000 	X:\Program Files\Java\jdk1.8.0_60\jre\bin\server\jvm.dll
0x000007feed470000 - 0x000007feed479000 	C:\Windows\system32\WSOCK32.dll
0x000007fefec70000 - 0x000007fefecbd000 	C:\Windows\system32\WS2_32.dll
0x000007feff030000 - 0x000007feff038000 	C:\Windows\system32\NSI.dll
0x000007fefa930000 - 0x000007fefa96b000 	C:\Windows\system32\WINMM.dll
0x000007fefc0e0000 - 0x000007fefc0ec000 	C:\Windows\system32\VERSION.dll
0x0000000077230000 - 0x0000000077237000 	C:\Windows\system32\PSAPI.DLL
0x00000000668a0000 - 0x00000000668af000 	X:\Program Files\Java\jdk1.8.0_60\jre\bin\verify.dll
0x00000000627c0000 - 0x00000000627e9000 	X:\Program Files\Java\jdk1.8.0_60\jre\bin\java.dll
0x00000000626b0000 - 0x00000000626c6000 	X:\Program Files\Java\jdk1.8.0_60\jre\bin\zip.dll
0x000007fefd940000 - 0x000007fefe6ca000 	C:\Windows\system32\SHELL32.dll
0x000007fefe990000 - 0x000007fefeb93000 	C:\Windows\system32\ole32.dll
0x000007fefcde0000 - 0x000007fefcdef000 	C:\Windows\system32\profapi.dll

VM Arguments:
jvm_args: -Djava.awt.headless=true -Xmx1024M -Dfile.encoding=windows-1252 -Duser.country=HK -Duser.language=zh -Duser.variant 
java_command: com.android.dx.command.Main --dex --force-jumbo --num-threads=4 --multi-dex --output X:\Android\projects\CSE110\CoupleTones\app\build\intermediates\transforms\dex\debug\folders\1000\10\internal_impl-23.3.0_2502258812923020371cc308d4be2cf1bb45be51 X:\Android\projects\CSE110\CoupleTones\app\build\intermediates\exploded-aar\com.android.support\support-v4\23.3.0\jars\libs\internal_impl-23.3.0.jar
java_class_path (initial): X:\Android\sdk\build-tools\23.0.3\lib\dx.jar
Launcher Type: SUN_STANDARD

Environment Variables:
PATH=C:\ProgramData\Oracle\Java\javapath;C:\Program Files (x86)\Intel\iCLS Client\;C:\Program Files\Intel\iCLS Client\;C:\Windows\system32;C:\Windows;C:\Windows\System32\Wbem;C:\Windows\System32\WindowsPowerShell\v1.0\;C:\Program Files (x86)\Skype\Phone\;C:\Program Files\Intel\Intel(R) Management Engine Components\DAL;C:\Program Files\Intel\Intel(R) Management Engine Components\IPT;C:\Program Files (x86)\Intel\Intel(R) Management Engine Components\DAL;C:\Program Files (x86)\Intel\Intel(R) Management Engine Components\IPT;C:\Program Files (x86)\NVIDIA Corporation\PhysX\Common;C:\Windows\system32;C:\Windows;C:\Windows\System32\Wbem;C:\Windows\system32\config\systemprofile\.dnx\bin;C:\Program Files\Microsoft DNX\Dnvm\;C:\Program Files (x86)\Windows Kits\8.1\Windows Performance Toolkit\;X:\Program Files\Git\cmd
USERNAME=HUDSON
OS=Windows_NT
PROCESSOR_IDENTIFIER=Intel64 Family 6 Model 58 Stepping 9, GenuineIntel



---------------  S Y S T E M  ---------------

OS: Windows 7 , 64 bit Build 7601 (6.1.7601.23392)

CPU:total 8 (4 cores per cpu, 2 threads per core) family 6 model 58 stepping 9, cmov, cx8, fxsr, mmx, sse, sse2, sse3, ssse3, sse4.1, sse4.2, popcnt, avx, aes, clmul, erms, ht, tsc, tscinvbit, tscinv

Memory: 4k page, physical 14635112k(2745132k free), swap 14633256k(5560k free)

vm_info: Java HotSpot(TM) 64-Bit Server VM (25.60-b23) for windows-amd64 JRE (1.8.0_60-b27), built on Aug  4 2015 11:06:27 by "java_re" with MS VC++ 10.0 (VS2010)

time: Sun Apr 17 18:11:22 2016
elapsed time: 1 seconds (0d 0h 0m 1s)

