#
# There is insufficient memory for the Java Runtime Environment to continue.
# Native memory allocation (malloc) failed to allocate 2139216 bytes for Chunk::new
# Possible reasons:
#   The system is out of physical RAM or swap space
#   In 32 bit mode, the process size limit was hit
# Possible solutions:
#   Reduce memory load on the system
#   Increase physical memory or swap space
#   Check if swap backing store is full
#   Use 64 bit Java on a 64 bit OS
#   Decrease Java heap size (-Xmx/-Xms)
#   Decrease number of Java threads
#   Decrease Java thread stack sizes (-Xss)
#   Set larger code cache with -XX:ReservedCodeCacheSize=
# This output file may be truncated or incomplete.
#
#  Out of Memory Error (allocation.cpp:390), pid=11656, tid=11732
#
# JRE version: Java(TM) SE Runtime Environment (8.0_60-b27) (build 1.8.0_60-b27)
# Java VM: Java HotSpot(TM) 64-Bit Server VM (25.60-b23 mixed mode windows-amd64 compressed oops)
# Failed to write core dump. Minidumps are not enabled by default on client versions of Windows
#

---------------  T H R E A D  ---------------

Current thread (0x00000000162a0800):  JavaThread "C2 CompilerThread2" daemon [_thread_in_native, id=11732, stack(0x0000000017d80000,0x0000000017e80000)]

Stack: [0x0000000017d80000,0x0000000017e80000]
[error occurred during error reporting (printing stack bounds), id 0xc0000005]

Native frames: (J=compiled Java code, j=interpreted, Vv=VM code, C=native code)


Current CompileTask:
C2:   1062 1147   !   4       com.android.dx.cf.cst.ConstantPoolParser::parse0 (731 bytes)


---------------  P R O C E S S  ---------------

Java Threads: ( => current thread )
  0x00000000165c4800 JavaThread "pool-2-thread-4" [_thread_blocked, id=10228, stack(0x0000000018ef0000,0x0000000018ff0000)]
  0x0000000018194800 JavaThread "pool-2-thread-3" [_thread_blocked, id=1276, stack(0x0000000018c20000,0x0000000018d20000)]
  0x00000000181f5800 JavaThread "pool-2-thread-2" [_thread_in_Java, id=7232, stack(0x0000000018da0000,0x0000000018ea0000)]
  0x0000000016512000 JavaThread "pool-3-thread-1" [_thread_blocked, id=6100, stack(0x0000000018970000,0x0000000018a70000)]
  0x0000000016511000 JavaThread "pool-2-thread-1" [_thread_in_Java, id=12072, stack(0x0000000018b00000,0x0000000018c00000)]
  0x00000000162b8000 JavaThread "Service Thread" daemon [_thread_blocked, id=12160, stack(0x0000000018040000,0x0000000018140000)]
  0x00000000162a2000 JavaThread "C1 CompilerThread3" daemon [_thread_in_native, id=11688, stack(0x0000000017ea0000,0x0000000017fa0000)]
=>0x00000000162a0800 JavaThread "C2 CompilerThread2" daemon [_thread_in_native, id=11732, stack(0x0000000017d80000,0x0000000017e80000)]
  0x000000001629d800 JavaThread "C2 CompilerThread1" daemon [_thread_in_native, id=2944, stack(0x0000000017b00000,0x0000000017c00000)]
  0x0000000016299800 JavaThread "C2 CompilerThread0" daemon [_thread_in_native, id=12080, stack(0x0000000017980000,0x0000000017a80000)]
  0x00000000162a8800 JavaThread "Attach Listener" daemon [_thread_blocked, id=11980, stack(0x0000000017770000,0x0000000017870000)]
  0x00000000162a7000 JavaThread "Signal Dispatcher" daemon [_thread_blocked, id=11724, stack(0x0000000017480000,0x0000000017580000)]
  0x00000000151ec000 JavaThread "Finalizer" daemon [_thread_blocked, id=11944, stack(0x0000000017630000,0x0000000017730000)]
  0x00000000151e5000 JavaThread "Reference Handler" daemon [_thread_blocked, id=2992, stack(0x0000000017380000,0x0000000017480000)]
  0x000000000016e000 JavaThread "main" [_thread_in_native, id=8676, stack(0x00000000022b0000,0x00000000023b0000)]

Other Threads:
  0x0000000016251800 VMThread [stack: 0x0000000017250000,0x0000000017350000] [id=11548]
  0x000000001636a000 WatcherThread [stack: 0x0000000017c00000,0x0000000017d00000] [id=11716]

VM state:not at safepoint (normal execution)

VM Mutex/Monitor currently owned by a thread: None

Heap:
 PSYoungGen      total 67072K, used 34306K [0x00000000eab00000, 0x00000000f2e00000, 0x0000000100000000)
  eden space 57856K, 43% used [0x00000000eab00000,0x00000000ec3833d0,0x00000000ee380000)
  from space 9216K, 99% used [0x00000000ee380000,0x00000000eec7d7e8,0x00000000eec80000)
  to   space 9216K, 0% used [0x00000000f2500000,0x00000000f2500000,0x00000000f2e00000)
 ParOldGen       total 153088K, used 931K [0x00000000c0000000, 0x00000000c9580000, 0x00000000eab00000)
  object space 153088K, 0% used [0x00000000c0000000,0x00000000c00e8c68,0x00000000c9580000)
 Metaspace       used 6139K, capacity 7024K, committed 7296K, reserved 1056768K
  class space    used 602K, capacity 616K, committed 640K, reserved 1048576K

Card table byte_map: [0x0000000011a40000,0x0000000011c50000] byte_map_base: 0x0000000011440000

Marking Bits: (ParMarkBitMap*) 0x0000000052f4a5b0
 Begin Bits: [0x0000000012600000, 0x0000000013600000)
 End Bits:   [0x0000000013600000, 0x0000000014600000)

Polling page: 0x0000000000130000

CodeCache: size=245760Kb used=4967Kb max_used=4967Kb free=240792Kb
 bounds [0x0000000002680000, 0x0000000002b60000, 0x0000000011680000]
 total_blobs=1568 nmethods=1298 adapters=182
 compilation: enabled

Compilation events (10 events):
Event: 1.055 Thread 0x00000000162a2000 nmethod 1344 0x0000000002b553d0 code [0x0000000002b55560, 0x0000000002b55818]
Event: 1.055 Thread 0x00000000162a2000 1342       2       com.android.dx.ssa.back.LivenessAnalyzer::constructInterferenceGraph (47 bytes)
Event: 1.055 Thread 0x00000000162a2000 nmethod 1342 0x0000000002b55a90 code [0x0000000002b55c20, 0x0000000002b55f18]
Event: 1.055 Thread 0x00000000162a2000 1347       2       com.android.dx.ssa.DomFront::run (264 bytes)
Event: 1.057 Thread 0x00000000162a2000 nmethod 1347 0x0000000002b560d0 code [0x0000000002b56460, 0x0000000002b57a08]
Event: 1.057 Thread 0x00000000162a2000 1348       2       com.android.dx.ssa.SsaConverter::edgeSplitPredecessors (44 bytes)
Event: 1.058 Thread 0x00000000162a2000 nmethod 1348 0x0000000002b58d90 code [0x0000000002b58f40, 0x0000000002b592e8]
Event: 1.058 Thread 0x00000000162a2000 1351       2       com.android.dx.ssa.SCCP::<init> (142 bytes)
Event: 1.058 Thread 0x00000000162a2000 nmethod 1351 0x0000000002b59790 code [0x0000000002b59940, 0x0000000002b59fc8]
Event: 1.058 Thread 0x00000000162a2000 1352       2       com.android.dx.ssa.ConstCollector::getConstsSortedByCountUse (386 bytes)

GC Heap History (2 events):
Event: 0.974 GC heap before
{Heap before GC invocations=1 (full 0):
 PSYoungGen      total 67072K, used 57856K [0x00000000eab00000, 0x00000000ef580000, 0x0000000100000000)
  eden space 57856K, 100% used [0x00000000eab00000,0x00000000ee380000,0x00000000ee380000)
  from space 9216K, 0% used [0x00000000eec80000,0x00000000eec80000,0x00000000ef580000)
  to   space 9216K, 0% used [0x00000000ee380000,0x00000000ee380000,0x00000000eec80000)
 ParOldGen       total 153088K, used 0K [0x00000000c0000000, 0x00000000c9580000, 0x00000000eab00000)
  object space 153088K, 0% used [0x00000000c0000000,0x00000000c0000000,0x00000000c9580000)
 Metaspace       used 6053K, capacity 6960K, committed 7040K, reserved 1056768K
  class space    used 602K, capacity 616K, committed 640K, reserved 1048576K
Event: 0.994 GC heap after
Heap after GC invocations=1 (full 0):
 PSYoungGen      total 67072K, used 9205K [0x00000000eab00000, 0x00000000f2e00000, 0x0000000100000000)
  eden space 57856K, 0% used [0x00000000eab00000,0x00000000eab00000,0x00000000ee380000)
  from space 9216K, 99% used [0x00000000ee380000,0x00000000eec7d7e8,0x00000000eec80000)
  to   space 9216K, 0% used [0x00000000f2500000,0x00000000f2500000,0x00000000f2e00000)
 ParOldGen       total 153088K, used 931K [0x00000000c0000000, 0x00000000c9580000, 0x00000000eab00000)
  object space 153088K, 0% used [0x00000000c0000000,0x00000000c00e8c68,0x00000000c9580000)
 Metaspace       used 6053K, capacity 6960K, committed 7040K, reserved 1056768K
  class space    used 602K, capacity 616K, committed 640K, reserved 1048576K
}

Deoptimization events (6 events):
Event: 0.460 Thread 0x000000000016e000 Uncommon trap: reason=unstable_if action=reinterpret pc=0x00000000027cb7c4 method=java.lang.String.compareTo(Ljava/lang/String;)I @ 38
Event: 0.639 Thread 0x0000000018194800 Uncommon trap: reason=unstable_if action=reinterpret pc=0x000000000287b02c method=java.util.HashMap.getNode(ILjava/lang/Object;)Ljava/util/HashMap$Node; @ 62
Event: 0.736 Thread 0x00000000165c4800 Uncommon trap: reason=unstable_if action=reinterpret pc=0x00000000028f0310 method=com.android.dx.rop.code.RegisterSpec.equals(ILcom/android/dx/rop/type/TypeBearer;Lcom/android/dx/rop/code/LocalItem;)Z @ 42
Event: 0.965 Thread 0x00000000181f5800 Uncommon trap: reason=unstable_if action=reinterpret pc=0x00000000028f32c4 method=com.android.dx.rop.cst.Constant.compareTo(Lcom/android/dx/rop/cst/Constant;)I @ 12
Event: 0.971 Thread 0x000000000016e000 Uncommon trap: reason=unstable_if action=reinterpret pc=0x0000000002a9fe68 method=com.android.dx.rop.cst.StdConstantPool.set(ILcom/android/dx/rop/cst/Constant;)V @ 12
Event: 1.020 Thread 0x00000000165c4800 Uncommon trap: reason=bimorphic action=maybe_recompile pc=0x0000000002a57de4 method=java.util.HashMap.putVal(ILjava/lang/Object;Ljava/lang/Object;ZZ)Ljava/lang/Object; @ 203

Internal exceptions (2 events):
Event: 0.051 Thread 0x000000000016e000 Exception <a 'java/lang/NoSuchMethodError': Method sun.misc.Unsafe.defineClass(Ljava/lang/String;[BII)Ljava/lang/Class; name or signature does not match> (0x00000000eab0d790) thrown at [C:\re\workspace\8-2-build-windows-amd64-cygwin\jdk8u60\4407\hotspot\sr½ÿ¯³Cª?
Event: 0.051 Thread 0x000000000016e000 Exception <a 'java/lang/NoSuchMethodError': Method sun.misc.Unsafe.prefetchRead(Ljava/lang/Object;J)V name or signature does not match> (0x00000000eab0da78) thrown at [C:\re\workspace\8-2-build-windows-amd64-cygwin\jdk8u60\4407\hotspot\src\share\vm\prims\j

Events (10 events):
Event: 1.032 Thread 0x00000000165c4800 DEOPT PACKING pc=0x000000000293c9ca sp=0x0000000018feeb90
Event: 1.032 Thread 0x00000000165c4800 DEOPT UNPACKING pc=0x00000000026c787f sp=0x0000000018fee970 mode 0
Event: 1.032 Thread 0x0000000018194800 DEOPT PACKING pc=0x000000000295da2d sp=0x0000000018d1e990
Event: 1.032 Thread 0x0000000018194800 DEOPT UNPACKING pc=0x00000000026c787f sp=0x0000000018d1e6f8 mode 0
Event: 1.045 Thread 0x0000000016511000 DEOPT PACKING pc=0x000000000293c910 sp=0x0000000018bfe9b0
Event: 1.045 Thread 0x0000000016511000 DEOPT UNPACKING pc=0x00000000026c787f sp=0x0000000018bfe7a0 mode 0
Event: 1.048 Thread 0x00000000181f5800 DEOPT PACKING pc=0x000000000295da2d sp=0x0000000018e9e6a0
Event: 1.048 Thread 0x00000000181f5800 DEOPT UNPACKING pc=0x00000000026c787f sp=0x0000000018e9e408 mode 0
Event: 1.060 Thread 0x0000000016511000 DEOPT PACKING pc=0x000000000293c9ca sp=0x0000000018bfe970
Event: 1.060 Thread 0x0000000016511000 DEOPT UNPACKING pc=0x00000000026c787f sp=0x0000000018bfe750 mode 0


Dynamic libraries:
0x000000013fc20000 - 0x000000013fc57000 	X:\Program Files\Java\jdk1.8.0_60\bin\java.exe
0x0000000077060000 - 0x000000007720a000 	C:\Windows\SYSTEM32\ntdll.dll
0x0000000076f40000 - 0x000000007705f000 	C:\Windows\system32\kernel32.dll
0x000007fefd120000 - 0x000007fefd18a000 	C:\Windows\system32\KERNELBASE.dll
0x000007fefe8b0000 - 0x000007fefe98b000 	C:\Windows\system32\ADVAPI32.dll
0x000007fefd1a0000 - 0x000007fefd23f000 	C:\Windows\system32\msvcrt.dll
0x000007feff040000 - 0x000007feff05f000 	C:\Windows\SYSTEM32\sechost.dll
0x000007feff0c0000 - 0x000007feff1ed000 	C:\Windows\system32\RPCRT4.dll
0x0000000076e40000 - 0x0000000076f3a000 	C:\Windows\system32\USER32.dll
0x000007feff270000 - 0x000007feff2d7000 	C:\Windows\system32\GDI32.dll
0x000007feff2e0000 - 0x000007feff2ee000 	C:\Windows\system32\LPK.dll
0x000007fefeba0000 - 0x000007fefec6a000 	C:\Windows\system32\USP10.dll
0x000007fefb620000 - 0x000007fefb814000 	C:\Windows\WinSxS\amd64_microsoft.windows.common-controls_6595b64144ccf1df_6.0.7601.18837_none_fa3b1e3d17594757\COMCTL32.dll
0x000007feff1f0000 - 0x000007feff261000 	C:\Windows\system32\SHLWAPI.dll
0x000007fefd350000 - 0x000007fefd37e000 	C:\Windows\system32\IMM32.DLL
0x000007fefd240000 - 0x000007fefd349000 	C:\Windows\system32\MSCTF.dll
0x00000000794d0000 - 0x00000000795a2000 	X:\Program Files\Java\jdk1.8.0_60\jre\bin\msvcr100.dll
0x0000000052740000 - 0x0000000052fc9000 	X:\Program Files\Java\jdk1.8.0_60\jre\bin\server\jvm.dll
0x000007feed470000 - 0x000007feed479000 	C:\Windows\system32\WSOCK32.dll
0x000007fefec70000 - 0x000007fefecbd000 	C:\Windows\system32\WS2_32.dll
0x000007feff030000 - 0x000007feff038000 	C:\Windows\system32\NSI.dll
0x000007fefa930000 - 0x000007fefa96b000 	C:\Windows\system32\WINMM.dll
0x000007fefc0e0000 - 0x000007fefc0ec000 	C:\Windows\system32\VERSION.dll
0x0000000077230000 - 0x0000000077237000 	C:\Windows\system32\PSAPI.DLL
0x00000000668a0000 - 0x00000000668af000 	X:\Program Files\Java\jdk1.8.0_60\jre\bin\verify.dll
0x00000000627c0000 - 0x00000000627e9000 	X:\Program Files\Java\jdk1.8.0_60\jre\bin\java.dll
0x00000000626b0000 - 0x00000000626c6000 	X:\Program Files\Java\jdk1.8.0_60\jre\bin\zip.dll
0x000007fefd940000 - 0x000007fefe6ca000 	C:\Windows\system32\SHELL32.dll
0x000007fefe990000 - 0x000007fefeb93000 	C:\Windows\system32\ole32.dll
0x000007fefcde0000 - 0x000007fefcdef000 	C:\Windows\system32\profapi.dll

VM Arguments:
jvm_args: -Djava.awt.headless=true -Xmx1024M -Dfile.encoding=windows-1252 -Duser.country=HK -Duser.language=zh -Duser.variant 
java_command: com.android.dx.command.Main --dex --force-jumbo --num-threads=4 --multi-dex --output X:\Android\projects\CSE110\CoupleTones\app\build\intermediates\transforms\dex\debug\folders\1000\10\com.android.support-appcompat-v7-23.3.0_fe2901ca6454d3aae480e40efdc96f906df74239 X:\Android\projects\CSE110\CoupleTones\app\build\intermediates\exploded-aar\com.android.support\appcompat-v7\23.3.0\jars\classes.jar
java_class_path (initial): X:\Android\sdk\build-tools\23.0.3\lib\dx.jar
Launcher Type: SUN_STANDARD

Environment Variables:
PATH=C:\ProgramData\Oracle\Java\javapath;C:\Program Files (x86)\Intel\iCLS Client\;C:\Program Files\Intel\iCLS Client\;C:\Windows\system32;C:\Windows;C:\Windows\System32\Wbem;C:\Windows\System32\WindowsPowerShell\v1.0\;C:\Program Files (x86)\Skype\Phone\;C:\Program Files\Intel\Intel(R) Management Engine Components\DAL;C:\Program Files\Intel\Intel(R) Management Engine Components\IPT;C:\Program Files (x86)\Intel\Intel(R) Management Engine Components\DAL;C:\Program Files (x86)\Intel\Intel(R) Management Engine Components\IPT;C:\Program Files (x86)\NVIDIA Corporation\PhysX\Common;C:\Windows\system32;C:\Windows;C:\Windows\System32\Wbem;C:\Windows\system32\config\systemprofile\.dnx\bin;C:\Program Files\Microsoft DNX\Dnvm\;C:\Program Files (x86)\Windows Kits\8.1\Windows Performance Toolkit\;X:\Program Files\Git\cmd
USERNAME=HUDSON
OS=Windows_NT
PROCESSOR_IDENTIFIER=Intel64 Family 6 Model 58 Stepping 9, GenuineIntel



---------------  S Y S T E M  ---------------

OS: Windows 7 , 64 bit Build 7601 (6.1.7601.23392)

CPU:total 8 (4 cores per cpu, 2 threads per core) family 6 model 58 stepping 9, cmov, cx8, fxsr, mmx, sse, sse2, sse3, ssse3, sse4.1, sse4.2, popcnt, avx, aes, clmul, erms, ht, tsc, tscinvbit, tscinv

Memory: 4k page, physical 14635112k(2815196k free), swap 14633256k(6632k free)

vm_info: Java HotSpot(TM) 64-Bit Server VM (25.60-b23) for windows-amd64 JRE (1.8.0_60-b27), built on Aug  4 2015 11:06:27 by "java_re" with MS VC++ 10.0 (VS2010)

time: Sun Apr 17 18:09:18 2016
elapsed time: 1 seconds (0d 0h 0m 1s)

