#
# There is insufficient memory for the Java Runtime Environment to continue.
# Native memory allocation (malloc) failed to allocate 259472 bytes for Chunk::new
# Possible reasons:
#   The system is out of physical RAM or swap space
#   In 32 bit mode, the process size limit was hit
# Possible solutions:
#   Reduce memory load on the system
#   Increase physical memory or swap space
#   Check if swap backing store is full
#   Use 64 bit Java on a 64 bit OS
#   Decrease Java heap size (-Xmx/-Xms)
#   Decrease number of Java threads
#   Decrease Java thread stack sizes (-Xss)
#   Set larger code cache with -XX:ReservedCodeCacheSize=
# This output file may be truncated or incomplete.
#
#  Out of Memory Error (allocation.cpp:390), pid=1228, tid=10064
#
# JRE version: Java(TM) SE Runtime Environment (8.0_60-b27) (build 1.8.0_60-b27)
# Java VM: Java HotSpot(TM) 64-Bit Server VM (25.60-b23 mixed mode windows-amd64 compressed oops)
# Failed to write core dump. Minidumps are not enabled by default on client versions of Windows
#

---------------  T H R E A D  ---------------

Current thread (0x000000001618a000):  JavaThread "C2 CompilerThread1" daemon [_thread_in_native, id=10064, stack(0x0000000017920000,0x0000000017a20000)]

Stack: [0x0000000017920000,0x0000000017a20000]
[error occurred during error reporting (printing stack bounds), id 0xc0000005]

Native frames: (J=compiled Java code, j=interpreted, Vv=VM code, C=native code)


Current CompileTask:
C2:   3946 1964       4       com.android.dx.dex.file.DexFile::findItemOrNull (66 bytes)


---------------  P R O C E S S  ---------------

Java Threads: ( => current thread )
  0x00000000163f7800 JavaThread "pool-1-thread-1" [_thread_in_Java, id=11124, stack(0x0000000018930000,0x0000000018a30000)]
  0x0000000016228800 JavaThread "Service Thread" daemon [_thread_blocked, id=8416, stack(0x0000000017e10000,0x0000000017f10000)]
  0x0000000016192000 JavaThread "C1 CompilerThread3" daemon [_thread_blocked, id=10408, stack(0x0000000017c80000,0x0000000017d80000)]
  0x0000000016191000 JavaThread "C2 CompilerThread2" daemon [_thread_blocked, id=10480, stack(0x0000000017b70000,0x0000000017c70000)]
=>0x000000001618a000 JavaThread "C2 CompilerThread1" daemon [_thread_in_native, id=10064, stack(0x0000000017920000,0x0000000017a20000)]
  0x0000000016182000 JavaThread "C2 CompilerThread0" daemon [_thread_blocked, id=10256, stack(0x00000000177e0000,0x00000000178e0000)]
  0x000000001617f000 JavaThread "Attach Listener" daemon [_thread_blocked, id=12152, stack(0x0000000017600000,0x0000000017700000)]
  0x000000001618f800 JavaThread "Signal Dispatcher" daemon [_thread_blocked, id=10096, stack(0x00000000172d0000,0x00000000173d0000)]
  0x00000000152ed000 JavaThread "Finalizer" daemon [_thread_blocked, id=7320, stack(0x00000000174f0000,0x00000000175f0000)]
  0x00000000152e6800 JavaThread "Reference Handler" daemon [_thread_blocked, id=11568, stack(0x00000000173d0000,0x00000000174d0000)]
  0x0000000001cbe000 JavaThread "main" [_thread_blocked, id=11928, stack(0x0000000001fb0000,0x00000000020b0000)]

Other Threads:
  0x0000000016130800 VMThread [stack: 0x0000000017190000,0x0000000017290000] [id=11092]
  0x00000000161b3800 WatcherThread [stack: 0x0000000017f20000,0x0000000018020000] [id=8604]

VM state:not at safepoint (normal execution)

VM Mutex/Monitor currently owned by a thread: None

Heap:
 PSYoungGen      total 67072K, used 11210K [0x00000000eab00000, 0x00000000ef580000, 0x0000000100000000)
  eden space 57856K, 3% used [0x00000000eab00000,0x00000000eacf66c0,0x00000000ee380000)
  from space 9216K, 99% used [0x00000000ee380000,0x00000000eec7c420,0x00000000eec80000)
  to   space 9216K, 0% used [0x00000000eec80000,0x00000000eec80000,0x00000000ef580000)
 ParOldGen       total 153088K, used 13290K [0x00000000c0000000, 0x00000000c9580000, 0x00000000eab00000)
  object space 153088K, 8% used [0x00000000c0000000,0x00000000c0cfaa60,0x00000000c9580000)
 Metaspace       used 6452K, capacity 7288K, committed 7552K, reserved 1056768K
  class space    used 617K, capacity 624K, committed 640K, reserved 1048576K

Card table byte_map: [0x0000000011740000,0x0000000011950000] byte_map_base: 0x0000000011140000

Marking Bits: (ParMarkBitMap*) 0x0000000052f4a5b0
 Begin Bits: [0x0000000012700000, 0x0000000013700000)
 End Bits:   [0x0000000013700000, 0x0000000014700000)

Polling page: 0x0000000001c70000

CodeCache: size=245760Kb used=7233Kb max_used=7241Kb free=238527Kb
 bounds [0x0000000002380000, 0x0000000002aa0000, 0x0000000011380000]
 total_blobs=2213 nmethods=1943 adapters=182
 compilation: enabled

Compilation events (10 events):
Event: 3.933 Thread 0x0000000016192000 nmethod 1982 0x0000000002a8fc90 code [0x0000000002a8fe20, 0x0000000002a90178]
Event: 3.933 Thread 0x0000000016192000 1983       3       com.android.dx.dex.code.OutputFinisher::finishProcessingAndGetList (74 bytes)
Event: 3.934 Thread 0x0000000016192000 nmethod 1983 0x0000000002a92590 code [0x0000000002a92780, 0x0000000002a92cd8]
Event: 3.935 Thread 0x0000000016192000 1984       3       com.android.dx.dex.code.DalvInsn::withMapper (13 bytes)
Event: 3.936 Thread 0x0000000016192000 nmethod 1984 0x0000000002a92f50 code [0x0000000002a930c0, 0x0000000002a93418]
Event: 3.936 Thread 0x0000000016192000 1985       3       com.android.dx.dex.code.CstInsn::withRegisters (53 bytes)
Event: 3.936 Thread 0x0000000016192000 nmethod 1985 0x0000000002a96810 code [0x0000000002a969a0, 0x0000000002a96ea8]
Event: 3.937 Thread 0x0000000016192000 1986       3       com.android.dx.util.ByteArrayAnnotatedOutput::ensureCapacity (39 bytes)
Event: 3.937 Thread 0x0000000016182000 nmethod 1972 0x0000000002a96f90 code [0x0000000002a97100, 0x0000000002a97798]
Event: 3.937 Thread 0x0000000016192000 nmethod 1986 0x0000000002a96290 code [0x0000000002a96400, 0x0000000002a96708]

GC Heap History (6 events):
Event: 1.804 GC heap before
{Heap before GC invocations=1 (full 0):
 PSYoungGen      total 67072K, used 57856K [0x00000000eab00000, 0x00000000ef580000, 0x0000000100000000)
  eden space 57856K, 100% used [0x00000000eab00000,0x00000000ee380000,0x00000000ee380000)
  from space 9216K, 0% used [0x00000000eec80000,0x00000000eec80000,0x00000000ef580000)
  to   space 9216K, 0% used [0x00000000ee380000,0x00000000ee380000,0x00000000eec80000)
 ParOldGen       total 153088K, used 0K [0x00000000c0000000, 0x00000000c9580000, 0x00000000eab00000)
  object space 153088K, 0% used [0x00000000c0000000,0x00000000c0000000,0x00000000c9580000)
 Metaspace       used 5997K, capacity 6960K, committed 7040K, reserved 1056768K
  class space    used 595K, capacity 616K, committed 640K, reserved 1048576K
Event: 1.898 GC heap after
Heap after GC invocations=1 (full 0):
 PSYoungGen      total 67072K, used 9201K [0x00000000eab00000, 0x00000000ef580000, 0x0000000100000000)
  eden space 57856K, 0% used [0x00000000eab00000,0x00000000eab00000,0x00000000ee380000)
  from space 9216K, 99% used [0x00000000ee380000,0x00000000eec7c478,0x00000000eec80000)
  to   space 9216K, 0% used [0x00000000eec80000,0x00000000eec80000,0x00000000ef580000)
 ParOldGen       total 153088K, used 331K [0x00000000c0000000, 0x00000000c9580000, 0x00000000eab00000)
  object space 153088K, 0% used [0x00000000c0000000,0x00000000c0052db0,0x00000000c9580000)
 Metaspace       used 5997K, capacity 6960K, committed 7040K, reserved 1056768K
  class space    used 595K, capacity 616K, committed 640K, reserved 1048576K
}
Event: 2.136 GC heap before
{Heap before GC invocations=2 (full 0):
 PSYoungGen      total 67072K, used 67057K [0x00000000eab00000, 0x00000000ef580000, 0x0000000100000000)
  eden space 57856K, 100% used [0x00000000eab00000,0x00000000ee380000,0x00000000ee380000)
  from space 9216K, 99% used [0x00000000ee380000,0x00000000eec7c478,0x00000000eec80000)
  to   space 9216K, 0% used [0x00000000eec80000,0x00000000eec80000,0x00000000ef580000)
 ParOldGen       total 153088K, used 331K [0x00000000c0000000, 0x00000000c9580000, 0x00000000eab00000)
  object space 153088K, 0% used [0x00000000c0000000,0x00000000c0052db0,0x00000000c9580000)
 Metaspace       used 6123K, capacity 7024K, committed 7296K, reserved 1056768K
  class space    used 599K, capacity 616K, committed 640K, reserved 1048576K
Event: 2.820 GC heap after
Heap after GC invocations=2 (full 0):
 PSYoungGen      total 67072K, used 9192K [0x00000000eab00000, 0x00000000ef580000, 0x0000000100000000)
  eden space 57856K, 0% used [0x00000000eab00000,0x00000000eab00000,0x00000000ee380000)
  from space 9216K, 99% used [0x00000000eec80000,0x00000000ef57a198,0x00000000ef580000)
  to   space 9216K, 0% used [0x00000000ee380000,0x00000000ee380000,0x00000000eec80000)
 ParOldGen       total 153088K, used 6306K [0x00000000c0000000, 0x00000000c9580000, 0x00000000eab00000)
  object space 153088K, 4% used [0x00000000c0000000,0x00000000c06289e0,0x00000000c9580000)
 Metaspace       used 6123K, capacity 7024K, committed 7296K, reserved 1056768K
  class space    used 599K, capacity 616K, committed 640K, reserved 1048576K
}
Event: 3.422 GC heap before
{Heap before GC invocations=3 (full 0):
 PSYoungGen      total 67072K, used 67048K [0x00000000eab00000, 0x00000000ef580000, 0x0000000100000000)
  eden space 57856K, 100% used [0x00000000eab00000,0x00000000ee380000,0x00000000ee380000)
  from space 9216K, 99% used [0x00000000eec80000,0x00000000ef57a198,0x00000000ef580000)
  to   space 9216K, 0% used [0x00000000ee380000,0x00000000ee380000,0x00000000eec80000)
 ParOldGen       total 153088K, used 6306K [0x00000000c0000000, 0x00000000c9580000, 0x00000000eab00000)
  object space 153088K, 4% used [0x00000000c0000000,0x00000000c06289e0,0x00000000c9580000)
 Metaspace       used 6282K, capacity 7158K, committed 7296K, reserved 1056768K
  class space    used 607K, capacity 622K, committed 640K, reserved 1048576K
Event: 3.701 GC heap after
Heap after GC invocations=3 (full 0):
 PSYoungGen      total 67072K, used 9201K [0x00000000eab00000, 0x00000000ef580000, 0x0000000100000000)
  eden space 57856K, 0% used [0x00000000eab00000,0x00000000eab00000,0x00000000ee380000)
  from space 9216K, 99% used [0x00000000ee380000,0x00000000eec7c420,0x00000000eec80000)
  to   space 9216K, 0% used [0x00000000eec80000,0x00000000eec80000,0x00000000ef580000)
 ParOldGen       total 153088K, used 13290K [0x00000000c0000000, 0x00000000c9580000, 0x00000000eab00000)
  object space 153088K, 8% used [0x00000000c0000000,0x00000000c0cfaa60,0x00000000c9580000)
 Metaspace       used 6282K, capacity 7158K, committed 7296K, reserved 1056768K
  class space    used 607K, capacity 622K, committed 640K, reserved 1048576K
}

Deoptimization events (10 events):
Event: 3.755 Thread 0x00000000163f7800 Uncommon trap: reason=class_check action=maybe_recompile pc=0x0000000002645224 method=java.util.Arrays.equals([Ljava/lang/Object;[Ljava/lang/Object;)Z @ 62
Event: 3.755 Thread 0x00000000163f7800 Uncommon trap: reason=speculate_class_check action=maybe_recompile pc=0x000000000266a460 method=com.android.dx.util.FixedSizeList.equals(Ljava/lang/Object;)Z @ 25
Event: 3.756 Thread 0x00000000163f7800 Uncommon trap: reason=class_check action=maybe_recompile pc=0x0000000002645224 method=java.util.Arrays.equals([Ljava/lang/Object;[Ljava/lang/Object;)Z @ 62
Event: 3.756 Thread 0x00000000163f7800 Uncommon trap: reason=speculate_class_check action=maybe_recompile pc=0x000000000266a460 method=com.android.dx.util.FixedSizeList.equals(Ljava/lang/Object;)Z @ 25
Event: 3.756 Thread 0x00000000163f7800 Uncommon trap: reason=class_check action=maybe_recompile pc=0x0000000002645224 method=java.util.Arrays.equals([Ljava/lang/Object;[Ljava/lang/Object;)Z @ 62
Event: 3.756 Thread 0x00000000163f7800 Uncommon trap: reason=speculate_class_check action=maybe_recompile pc=0x000000000266a460 method=com.android.dx.util.FixedSizeList.equals(Ljava/lang/Object;)Z @ 25
Event: 3.756 Thread 0x00000000163f7800 Uncommon trap: reason=unstable_if action=reinterpret pc=0x0000000002645258 method=java.util.Arrays.equals([Ljava/lang/Object;[Ljava/lang/Object;)Z @ 23
Event: 3.769 Thread 0x00000000163f7800 Uncommon trap: reason=unstable_if action=reinterpret pc=0x0000000002a2db6c method=java.util.TreeMap.put(Ljava/lang/Object;Ljava/lang/Object;)Ljava/lang/Object; @ 163
Event: 3.888 Thread 0x00000000163f7800 Uncommon trap: reason=unstable_if action=reinterpret pc=0x0000000002a416ac method=com.android.dx.dex.code.OutputFinisher.findOpcodeForInsn(Lcom/android/dx/dex/code/DalvInsn;Lcom/android/dx/dex/code/Dop;)Lcom/android/dx/dex/code/Dop; @ 31
Event: 3.894 Thread 0x00000000163f7800 Uncommon trap: reason=unstable_if action=reinterpret pc=0x00000000029bd094 method=com.android.dx.rop.code.RegisterSpecSet.equals(Ljava/lang/Object;)Z @ 30

Internal exceptions (3 events):
Event: 0.232 Thread 0x0000000001cbe000 Exception <a 'java/lang/NoSuchMethodError': Method sun.misc.Unsafe.defineClass(Ljava/lang/String;[BII)Ljava/lang/Class; name or signature does not match> (0x00000000eab0d948) thrown at [C:\re\workspace\8-2-build-windows-amd64-cygwin\jdk8u60\4407\hotspot\srG	m&ú½Í?
Event: 0.232 Thread 0x0000000001cbe000 Exception <a 'java/lang/NoSuchMethodError': Method sun.misc.Unsafe.prefetchRead(Ljava/lang/Object;J)V name or signature does not match> (0x00000000eab0dc30) thrown at [C:\re\workspace\8-2-build-windows-amd64-cygwin\jdk8u60\4407\hotspot\src\share\vm\prims\jÇ–Œzb8ù?
Event: 1.576 Thread 0x00000000164c8800 Implicit null exception at 0x00000000026445d2 to 0x00000000026446c2

Events (10 events):
Event: 3.760 loading class com/android/dx/dex/code/LocalList$Entry done
Event: 3.769 Thread 0x00000000163f7800 Uncommon trap: trap_request=0xffffff65 fr.pc=0x0000000002a2db6c
Event: 3.769 Thread 0x00000000163f7800 DEOPT PACKING pc=0x0000000002a2db6c sp=0x0000000018a2ea30
Event: 3.769 Thread 0x00000000163f7800 DEOPT UNPACKING pc=0x00000000023c582a sp=0x0000000018a2e9d0 mode 2
Event: 3.888 Thread 0x00000000163f7800 Uncommon trap: trap_request=0xffffff65 fr.pc=0x0000000002a416ac
Event: 3.888 Thread 0x00000000163f7800 DEOPT PACKING pc=0x0000000002a416ac sp=0x0000000018a2e760
Event: 3.888 Thread 0x00000000163f7800 DEOPT UNPACKING pc=0x00000000023c582a sp=0x0000000018a2e6f8 mode 2
Event: 3.894 Thread 0x00000000163f7800 Uncommon trap: trap_request=0xffffff65 fr.pc=0x00000000029bd094
Event: 3.894 Thread 0x00000000163f7800 DEOPT PACKING pc=0x00000000029bd094 sp=0x0000000018a2e740
Event: 3.894 Thread 0x00000000163f7800 DEOPT UNPACKING pc=0x00000000023c582a sp=0x0000000018a2e6c0 mode 2


Dynamic libraries:
0x000000013fc20000 - 0x000000013fc57000 	X:\Program Files\Java\jdk1.8.0_60\bin\java.exe
0x0000000077060000 - 0x000000007720a000 	C:\Windows\SYSTEM32\ntdll.dll
0x0000000076f40000 - 0x000000007705f000 	C:\Windows\system32\kernel32.dll
0x000007fefd120000 - 0x000007fefd18a000 	C:\Windows\system32\KERNELBASE.dll
0x000007fefe8b0000 - 0x000007fefe98b000 	C:\Windows\system32\ADVAPI32.dll
0x000007fefd1a0000 - 0x000007fefd23f000 	C:\Windows\system32\msvcrt.dll
0x000007feff040000 - 0x000007feff05f000 	C:\Windows\SYSTEM32\sechost.dll
0x000007feff0c0000 - 0x000007feff1ed000 	C:\Windows\system32\RPCRT4.dll
0x0000000076e40000 - 0x0000000076f3a000 	C:\Windows\system32\USER32.dll
0x000007feff270000 - 0x000007feff2d7000 	C:\Windows\system32\GDI32.dll
0x000007feff2e0000 - 0x000007feff2ee000 	C:\Windows\system32\LPK.dll
0x000007fefeba0000 - 0x000007fefec6a000 	C:\Windows\system32\USP10.dll
0x000007fefb620000 - 0x000007fefb814000 	C:\Windows\WinSxS\amd64_microsoft.windows.common-controls_6595b64144ccf1df_6.0.7601.18837_none_fa3b1e3d17594757\COMCTL32.dll
0x000007feff1f0000 - 0x000007feff261000 	C:\Windows\system32\SHLWAPI.dll
0x000007fefd350000 - 0x000007fefd37e000 	C:\Windows\system32\IMM32.DLL
0x000007fefd240000 - 0x000007fefd349000 	C:\Windows\system32\MSCTF.dll
0x00000000794d0000 - 0x00000000795a2000 	X:\Program Files\Java\jdk1.8.0_60\jre\bin\msvcr100.dll
0x0000000052740000 - 0x0000000052fc9000 	X:\Program Files\Java\jdk1.8.0_60\jre\bin\server\jvm.dll
0x000007feed470000 - 0x000007feed479000 	C:\Windows\system32\WSOCK32.dll
0x000007fefec70000 - 0x000007fefecbd000 	C:\Windows\system32\WS2_32.dll
0x000007feff030000 - 0x000007feff038000 	C:\Windows\system32\NSI.dll
0x000007fefa930000 - 0x000007fefa96b000 	C:\Windows\system32\WINMM.dll
0x000007fefc0e0000 - 0x000007fefc0ec000 	C:\Windows\system32\VERSION.dll
0x0000000077230000 - 0x0000000077237000 	C:\Windows\system32\PSAPI.DLL
0x00000000668a0000 - 0x00000000668af000 	X:\Program Files\Java\jdk1.8.0_60\jre\bin\verify.dll
0x00000000627c0000 - 0x00000000627e9000 	X:\Program Files\Java\jdk1.8.0_60\jre\bin\java.dll
0x00000000626b0000 - 0x00000000626c6000 	X:\Program Files\Java\jdk1.8.0_60\jre\bin\zip.dll
0x000007fefd940000 - 0x000007fefe6ca000 	C:\Windows\system32\SHELL32.dll
0x000007fefe990000 - 0x000007fefeb93000 	C:\Windows\system32\ole32.dll
0x000007fefcde0000 - 0x000007fefcdef000 	C:\Windows\system32\profapi.dll

VM Arguments:
jvm_args: -Djava.awt.headless=true -Xmx1024M -Dfile.encoding=windows-1252 -Duser.country=HK -Duser.language=zh -Duser.variant 
java_command: com.android.dx.command.Main --dex --force-jumbo --num-threads=4 --multi-dex --output X:\Android\projects\CSE110\CoupleTones\app\build\intermediates\transforms\dex\debug\folders\1000\10\com.google.android.gms-play-services-measurement-8.4.0_29aa32d3c695e70564f23c42e94f11ef51d8d842 X:\Android\projects\CSE110\CoupleTones\app\build\intermediates\exploded-aar\com.google.android.gms\play-services-measurement\8.4.0\jars\classes.jar
java_class_path (initial): X:\Android\sdk\build-tools\23.0.3\lib\dx.jar
Launcher Type: SUN_STANDARD

Environment Variables:
PATH=C:\ProgramData\Oracle\Java\javapath;C:\Program Files (x86)\Intel\iCLS Client\;C:\Program Files\Intel\iCLS Client\;C:\Windows\system32;C:\Windows;C:\Windows\System32\Wbem;C:\Windows\System32\WindowsPowerShell\v1.0\;C:\Program Files (x86)\Skype\Phone\;C:\Program Files\Intel\Intel(R) Management Engine Components\DAL;C:\Program Files\Intel\Intel(R) Management Engine Components\IPT;C:\Program Files (x86)\Intel\Intel(R) Management Engine Components\DAL;C:\Program Files (x86)\Intel\Intel(R) Management Engine Components\IPT;C:\Program Files (x86)\NVIDIA Corporation\PhysX\Common;C:\Windows\system32;C:\Windows;C:\Windows\System32\Wbem;C:\Windows\system32\config\systemprofile\.dnx\bin;C:\Program Files\Microsoft DNX\Dnvm\;C:\Program Files (x86)\Windows Kits\8.1\Windows Performance Toolkit\;X:\Program Files\Git\cmd
USERNAME=HUDSON
OS=Windows_NT
PROCESSOR_IDENTIFIER=Intel64 Family 6 Model 58 Stepping 9, GenuineIntel



---------------  S Y S T E M  ---------------

OS: Windows 7 , 64 bit Build 7601 (6.1.7601.23392)

CPU:total 8 (4 cores per cpu, 2 threads per core) family 6 model 58 stepping 9, cmov, cx8, fxsr, mmx, sse, sse2, sse3, ssse3, sse4.1, sse4.2, popcnt, avx, aes, clmul, erms, ht, tsc, tscinvbit, tscinv

Memory: 4k page, physical 14635112k(2665636k free), swap 14633256k(6584k free)

vm_info: Java HotSpot(TM) 64-Bit Server VM (25.60-b23) for windows-amd64 JRE (1.8.0_60-b27), built on Aug  4 2015 11:06:27 by "java_re" with MS VC++ 10.0 (VS2010)

time: Sun Apr 17 18:13:02 2016
elapsed time: 3 seconds (0d 0h 0m 3s)

