#
# There is insufficient memory for the Java Runtime Environment to continue.
# Native memory allocation (malloc) failed to allocate 1132976 bytes for Chunk::new
# Possible reasons:
#   The system is out of physical RAM or swap space
#   In 32 bit mode, the process size limit was hit
# Possible solutions:
#   Reduce memory load on the system
#   Increase physical memory or swap space
#   Check if swap backing store is full
#   Use 64 bit Java on a 64 bit OS
#   Decrease Java heap size (-Xmx/-Xms)
#   Decrease number of Java threads
#   Decrease Java thread stack sizes (-Xss)
#   Set larger code cache with -XX:ReservedCodeCacheSize=
# This output file may be truncated or incomplete.
#
#  Out of Memory Error (allocation.cpp:390), pid=2444, tid=11344
#
# JRE version: Java(TM) SE Runtime Environment (8.0_60-b27) (build 1.8.0_60-b27)
# Java VM: Java HotSpot(TM) 64-Bit Server VM (25.60-b23 mixed mode windows-amd64 compressed oops)
# Failed to write core dump. Minidumps are not enabled by default on client versions of Windows
#

---------------  T H R E A D  ---------------

Current thread (0x0000000016336000):  JavaThread "C2 CompilerThread2" daemon [_thread_in_native, id=11344, stack(0x0000000017e10000,0x0000000017f10000)]

Stack: [0x0000000017e10000,0x0000000017f10000]
[error occurred during error reporting (printing stack bounds), id 0xc0000005]

Native frames: (J=compiled Java code, j=interpreted, Vv=VM code, C=native code)


Current CompileTask:
C2:   3778 1651       4       com.android.dx.rop.code.Rops::ropFor (771 bytes)


---------------  P R O C E S S  ---------------

Java Threads: ( => current thread )
  0x000000001659a000 JavaThread "pool-2-thread-4" [_thread_blocked, id=8908, stack(0x0000000019080000,0x0000000019180000)]
  0x0000000016599000 JavaThread "pool-2-thread-3" [_thread_blocked, id=11124, stack(0x0000000018df0000,0x0000000018ef0000)]
  0x000000001663a800 JavaThread "pool-2-thread-2" [_thread_blocked, id=11704, stack(0x0000000018c90000,0x0000000018d90000)]
  0x0000000016633000 JavaThread "pool-3-thread-1" [_thread_blocked, id=10372, stack(0x0000000018b30000,0x0000000018c30000)]
  0x0000000016630800 JavaThread "pool-2-thread-1" [_thread_blocked, id=10340, stack(0x00000000189e0000,0x0000000018ae0000)]
  0x00000000163af800 JavaThread "Service Thread" daemon [_thread_blocked, id=10228, stack(0x00000000180b0000,0x00000000181b0000)]
  0x0000000016359800 JavaThread "C1 CompilerThread3" daemon [_thread_blocked, id=11856, stack(0x0000000017f30000,0x0000000018030000)]
=>0x0000000016336000 JavaThread "C2 CompilerThread2" daemon [_thread_in_native, id=11344, stack(0x0000000017e10000,0x0000000017f10000)]
  0x0000000016331000 JavaThread "C2 CompilerThread1" daemon [_thread_in_native, id=11260, stack(0x0000000017ca0000,0x0000000017da0000)]
  0x0000000016328000 JavaThread "C2 CompilerThread0" daemon [_thread_blocked, id=11188, stack(0x0000000017b60000,0x0000000017c60000)]
  0x0000000016325000 JavaThread "Attach Listener" daemon [_thread_blocked, id=10892, stack(0x0000000017a00000,0x0000000017b00000)]
  0x0000000016324000 JavaThread "Signal Dispatcher" daemon [_thread_blocked, id=8296, stack(0x0000000017850000,0x0000000017950000)]
  0x000000001526b000 JavaThread "Finalizer" daemon [_thread_blocked, id=12212, stack(0x0000000017600000,0x0000000017700000)]
  0x0000000015264800 JavaThread "Reference Handler" daemon [_thread_blocked, id=10432, stack(0x0000000017240000,0x0000000017340000)]
  0x0000000001c9e000 JavaThread "main" [_thread_blocked, id=3212, stack(0x0000000002110000,0x0000000002210000)]

Other Threads:
  0x00000000162d0800 VMThread [stack: 0x00000000173d0000,0x00000000174d0000] [id=11912]
  0x00000000163cf800 WatcherThread [stack: 0x0000000017720000,0x0000000017820000] [id=11228]

VM state:not at safepoint (normal execution)

VM Mutex/Monitor currently owned by a thread: None

Heap:
 PSYoungGen      total 67072K, used 40201K [0x00000000eab00000, 0x00000000ef580000, 0x0000000100000000)
  eden space 57856K, 53% used [0x00000000eab00000,0x00000000ec943590,0x00000000ee380000)
  from space 9216K, 99% used [0x00000000ee380000,0x00000000eec7f190,0x00000000eec80000)
  to   space 9216K, 0% used [0x00000000eec80000,0x00000000eec80000,0x00000000ef580000)
 ParOldGen       total 153088K, used 788K [0x00000000c0000000, 0x00000000c9580000, 0x00000000eab00000)
  object space 153088K, 0% used [0x00000000c0000000,0x00000000c00c5370,0x00000000c9580000)
 Metaspace       used 6237K, capacity 7088K, committed 7296K, reserved 1056768K
  class space    used 601K, capacity 616K, committed 640K, reserved 1048576K

Card table byte_map: [0x00000000118a0000,0x0000000011ab0000] byte_map_base: 0x00000000112a0000

Marking Bits: (ParMarkBitMap*) 0x0000000052f4a5b0
 Begin Bits: [0x0000000012680000, 0x0000000013680000)
 End Bits:   [0x0000000013680000, 0x0000000014680000)

Polling page: 0x0000000000330000

CodeCache: size=245760Kb used=7047Kb max_used=7065Kb free=238712Kb
 bounds [0x00000000024e0000, 0x0000000002be0000, 0x00000000114e0000]
 total_blobs=1916 nmethods=1647 adapters=182
 compilation: enabled

Compilation events (10 events):
Event: 3.661 Thread 0x0000000016328000 1641       4       com.android.dx.rop.code.LocalVariableInfo::mergeStarts (75 bytes)
Event: 3.681 Thread 0x0000000016336000 nmethod 1638 0x0000000002bc5450 code [0x0000000002bc57c0, 0x0000000002bc9090]
Event: 3.681 Thread 0x0000000016336000 1654       4       com.android.dx.ssa.PhiInsn::predBlockIndexForSourcesIndex (15 bytes)
Event: 3.682 Thread 0x0000000016336000 nmethod 1654 0x0000000002ba6a50 code [0x0000000002ba6ba0, 0x0000000002ba6c98]
Event: 3.682 Thread 0x0000000016336000 1658       4       com.android.dx.cf.code.Merger::mergeType (142 bytes)
Event: 3.686 Thread 0x0000000016336000 nmethod 1658 0x0000000002bb2fd0 code [0x0000000002bb3180, 0x0000000002bb34f0]
Event: 3.686 Thread 0x0000000016336000 1651       4       com.android.dx.rop.code.Rops::ropFor (771 bytes)
Event: 3.701 Thread 0x0000000016328000 nmethod 1641 0x0000000002bcea90 code [0x0000000002bcecc0, 0x0000000002bd0a48]
Event: 3.701 Thread 0x0000000016328000 1572       4       com.android.dx.rop.type.Type::isIntlike (56 bytes)
Event: 3.702 Thread 0x0000000016328000 nmethod 1572 0x0000000002b71ed0 code [0x0000000002b72000, 0x0000000002b72078]

GC Heap History (2 events):
Event: 3.176 GC heap before
{Heap before GC invocations=1 (full 0):
 PSYoungGen      total 67072K, used 57856K [0x00000000eab00000, 0x00000000ef580000, 0x0000000100000000)
  eden space 57856K, 100% used [0x00000000eab00000,0x00000000ee380000,0x00000000ee380000)
  from space 9216K, 0% used [0x00000000eec80000,0x00000000eec80000,0x00000000ef580000)
  to   space 9216K, 0% used [0x00000000ee380000,0x00000000ee380000,0x00000000eec80000)
 ParOldGen       total 153088K, used 0K [0x00000000c0000000, 0x00000000c9580000, 0x00000000eab00000)
  object space 153088K, 0% used [0x00000000c0000000,0x00000000c0000000,0x00000000c9580000)
 Metaspace       used 6096K, capacity 7024K, committed 7296K, reserved 1056768K
  class space    used 598K, capacity 616K, committed 640K, reserved 1048576K
Event: 3.201 GC heap after
Heap after GC invocations=1 (full 0):
 PSYoungGen      total 67072K, used 9212K [0x00000000eab00000, 0x00000000ef580000, 0x0000000100000000)
  eden space 57856K, 0% used [0x00000000eab00000,0x00000000eab00000,0x00000000ee380000)
  from space 9216K, 99% used [0x00000000ee380000,0x00000000eec7f190,0x00000000eec80000)
  to   space 9216K, 0% used [0x00000000eec80000,0x00000000eec80000,0x00000000ef580000)
 ParOldGen       total 153088K, used 788K [0x00000000c0000000, 0x00000000c9580000, 0x00000000eab00000)
  object space 153088K, 0% used [0x00000000c0000000,0x00000000c00c5370,0x00000000c9580000)
 Metaspace       used 6096K, capacity 7024K, committed 7296K, reserved 1056768K
  class space    used 598K, capacity 616K, committed 640K, reserved 1048576K
}

Deoptimization events (10 events):
Event: 2.729 Thread 0x000000001659a000 Uncommon trap: reason=unstable_if action=reinterpret pc=0x00000000027f3598 method=com.android.dx.rop.code.RegisterSpecSet.put(Lcom/android/dx/rop/code/RegisterSpec;)V @ 77
Event: 2.873 Thread 0x0000000016630800 Uncommon trap: reason=uninitialized action=reinterpret pc=0x000000000291e36c method=com.android.dx.cf.code.BytecodeArray.parseInstruction(ILcom/android/dx/cf/code/BytecodeArray$Visitor;)I @ 1079
Event: 2.877 Thread 0x0000000016630800 Uncommon trap: reason=bimorphic action=maybe_recompile pc=0x00000000027636a0 method=java.util.HashMap.getNode(ILjava/lang/Object;)Ljava/util/HashMap$Node; @ 126
Event: 3.018 Thread 0x0000000016599000 Uncommon trap: reason=bimorphic action=maybe_recompile pc=0x000000000294dfc4 method=com.android.dx.ssa.LiteralOpUpgrader.tryReplacingWithConstant(Lcom/android/dx/ssa/NormalSsaInsn;)Z @ 62
Event: 3.018 Thread 0x0000000016599000 Uncommon trap: reason=unstable_if action=reinterpret pc=0x00000000028e280c method=com.android.dx.ssa.SsaMethod.updateOneDefinition(Lcom/android/dx/ssa/SsaInsn;Lcom/android/dx/rop/code/RegisterSpec;)V @ 4
Event: 3.204 Thread 0x0000000016630800 Uncommon trap: reason=bimorphic action=maybe_recompile pc=0x00000000027636a0 method=java.util.HashMap.getNode(ILjava/lang/Object;)Ljava/util/HashMap$Node; @ 126
Event: 3.397 Thread 0x000000001659a000 Uncommon trap: reason=bimorphic action=maybe_recompile pc=0x00000000027636a0 method=java.util.HashMap.getNode(ILjava/lang/Object;)Ljava/util/HashMap$Node; @ 126
Event: 3.416 Thread 0x0000000001c9e000 Uncommon trap: reason=unloaded action=reinterpret pc=0x00000000029debf4 method=com.android.dx.cf.cst.ConstantPoolParser.parse0(ILjava/util/BitSet;)Lcom/android/dx/rop/cst/Constant; @ 176
Event: 3.433 Thread 0x0000000016630800 Uncommon trap: reason=unstable_if action=reinterpret pc=0x00000000029daef0 method=com.android.dx.ssa.MoveParamCombiner$1.visitNonMoveInsn(Lcom/android/dx/ssa/NormalSsaInsn;)V @ 27
Event: 3.561 Thread 0x000000001659a000 Uncommon trap: reason=bimorphic action=maybe_recompile pc=0x00000000027636a0 method=java.util.HashMap.getNode(ILjava/lang/Object;)Ljava/util/HashMap$Node; @ 126

Internal exceptions (2 events):
Event: 0.035 Thread 0x0000000001c9e000 Exception <a 'java/lang/NoSuchMethodError': Method sun.misc.Unsafe.defineClass(Ljava/lang/String;[BII)Ljava/lang/Class; name or signature does not match> (0x00000000eab0d430) thrown at [C:\re\workspace\8-2-build-windows-amd64-cygwin\jdk8u60\4407\hotspot\src‰íu≈°?
Event: 0.035 Thread 0x0000000001c9e000 Exception <a 'java/lang/NoSuchMethodError': Method sun.misc.Unsafe.prefetchRead(Ljava/lang/Object;J)V name or signature does not match> (0x00000000eab0d718) thrown at [C:\re\workspace\8-2-build-windows-amd64-cygwin\jdk8u60\4407\hotspot\src\share\vm\prims\j

Events (10 events):
Event: 3.499 loading class com/android/dx/cf/attrib/BaseParameterAnnotations done
Event: 3.507 loading class com/android/dx/dex/file/ParameterAnnotationStruct
Event: 3.507 loading class com/android/dx/dex/file/ParameterAnnotationStruct done
Event: 3.507 loading class com/android/dx/dex/file/UniformListItem
Event: 3.507 loading class com/android/dx/dex/file/UniformListItem done
Event: 3.508 loading class com/android/dx/dex/file/AnnotationSetRefItem
Event: 3.508 loading class com/android/dx/dex/file/AnnotationSetRefItem done
Event: 3.561 Thread 0x000000001659a000 Uncommon trap: trap_request=0xffffffc6 fr.pc=0x00000000027636a0
Event: 3.561 Thread 0x000000001659a000 DEOPT PACKING pc=0x00000000027636a0 sp=0x000000001917e4d0
Event: 3.561 Thread 0x000000001659a000 DEOPT UNPACKING pc=0x000000000252582a sp=0x000000001917e450 mode 2


Dynamic libraries:
0x000000013fc20000 - 0x000000013fc57000 	X:\Program Files\Java\jdk1.8.0_60\bin\java.exe
0x0000000077060000 - 0x000000007720a000 	C:\Windows\SYSTEM32\ntdll.dll
0x0000000076f40000 - 0x000000007705f000 	C:\Windows\system32\kernel32.dll
0x000007fefd120000 - 0x000007fefd18a000 	C:\Windows\system32\KERNELBASE.dll
0x000007fefe8b0000 - 0x000007fefe98b000 	C:\Windows\system32\ADVAPI32.dll
0x000007fefd1a0000 - 0x000007fefd23f000 	C:\Windows\system32\msvcrt.dll
0x000007feff040000 - 0x000007feff05f000 	C:\Windows\SYSTEM32\sechost.dll
0x000007feff0c0000 - 0x000007feff1ed000 	C:\Windows\system32\RPCRT4.dll
0x0000000076e40000 - 0x0000000076f3a000 	C:\Windows\system32\USER32.dll
0x000007feff270000 - 0x000007feff2d7000 	C:\Windows\system32\GDI32.dll
0x000007feff2e0000 - 0x000007feff2ee000 	C:\Windows\system32\LPK.dll
0x000007fefeba0000 - 0x000007fefec6a000 	C:\Windows\system32\USP10.dll
0x000007fefb620000 - 0x000007fefb814000 	C:\Windows\WinSxS\amd64_microsoft.windows.common-controls_6595b64144ccf1df_6.0.7601.18837_none_fa3b1e3d17594757\COMCTL32.dll
0x000007feff1f0000 - 0x000007feff261000 	C:\Windows\system32\SHLWAPI.dll
0x000007fefd350000 - 0x000007fefd37e000 	C:\Windows\system32\IMM32.DLL
0x000007fefd240000 - 0x000007fefd349000 	C:\Windows\system32\MSCTF.dll
0x00000000794d0000 - 0x00000000795a2000 	X:\Program Files\Java\jdk1.8.0_60\jre\bin\msvcr100.dll
0x0000000052740000 - 0x0000000052fc9000 	X:\Program Files\Java\jdk1.8.0_60\jre\bin\server\jvm.dll
0x000007feed470000 - 0x000007feed479000 	C:\Windows\system32\WSOCK32.dll
0x000007fefec70000 - 0x000007fefecbd000 	C:\Windows\system32\WS2_32.dll
0x000007feff030000 - 0x000007feff038000 	C:\Windows\system32\NSI.dll
0x000007fefa930000 - 0x000007fefa96b000 	C:\Windows\system32\WINMM.dll
0x000007fefc0e0000 - 0x000007fefc0ec000 	C:\Windows\system32\VERSION.dll
0x0000000077230000 - 0x0000000077237000 	C:\Windows\system32\PSAPI.DLL
0x00000000668a0000 - 0x00000000668af000 	X:\Program Files\Java\jdk1.8.0_60\jre\bin\verify.dll
0x00000000627c0000 - 0x00000000627e9000 	X:\Program Files\Java\jdk1.8.0_60\jre\bin\java.dll
0x00000000626b0000 - 0x00000000626c6000 	X:\Program Files\Java\jdk1.8.0_60\jre\bin\zip.dll
0x000007fefd940000 - 0x000007fefe6ca000 	C:\Windows\system32\SHELL32.dll
0x000007fefe990000 - 0x000007fefeb93000 	C:\Windows\system32\ole32.dll
0x000007fefcde0000 - 0x000007fefcdef000 	C:\Windows\system32\profapi.dll

VM Arguments:
jvm_args: -Djava.awt.headless=true -Xmx1024M -Dfile.encoding=windows-1252 -Duser.country=HK -Duser.language=zh -Duser.variant 
java_command: com.android.dx.command.Main --dex --force-jumbo --num-threads=4 --multi-dex --output X:\Android\projects\CSE110\CoupleTones\app\build\intermediates\transforms\dex\debug\folders\1000\10\com.google.android.gms-play-services-cast-8.4.0_e296d35f0b5ee53f974002211a1738a37eecc4bb X:\Android\projects\CSE110\CoupleTones\app\build\intermediates\exploded-aar\com.google.android.gms\play-services-cast\8.4.0\jars\classes.jar
java_class_path (initial): X:\Android\sdk\build-tools\23.0.3\lib\dx.jar
Launcher Type: SUN_STANDARD

Environment Variables:
PATH=C:\ProgramData\Oracle\Java\javapath;C:\Program Files (x86)\Intel\iCLS Client\;C:\Program Files\Intel\iCLS Client\;C:\Windows\system32;C:\Windows;C:\Windows\System32\Wbem;C:\Windows\System32\WindowsPowerShell\v1.0\;C:\Program Files (x86)\Skype\Phone\;C:\Program Files\Intel\Intel(R) Management Engine Components\DAL;C:\Program Files\Intel\Intel(R) Management Engine Components\IPT;C:\Program Files (x86)\Intel\Intel(R) Management Engine Components\DAL;C:\Program Files (x86)\Intel\Intel(R) Management Engine Components\IPT;C:\Program Files (x86)\NVIDIA Corporation\PhysX\Common;C:\Windows\system32;C:\Windows;C:\Windows\System32\Wbem;C:\Windows\system32\config\systemprofile\.dnx\bin;C:\Program Files\Microsoft DNX\Dnvm\;C:\Program Files (x86)\Windows Kits\8.1\Windows Performance Toolkit\;X:\Program Files\Git\cmd
USERNAME=HUDSON
OS=Windows_NT
PROCESSOR_IDENTIFIER=Intel64 Family 6 Model 58 Stepping 9, GenuineIntel



---------------  S Y S T E M  ---------------

OS: Windows 7 , 64 bit Build 7601 (6.1.7601.23392)

CPU:total 8 (4 cores per cpu, 2 threads per core) family 6 model 58 stepping 9, cmov, cx8, fxsr, mmx, sse, sse2, sse3, ssse3, sse4.1, sse4.2, popcnt, avx, aes, clmul, erms, ht, tsc, tscinvbit, tscinv

Memory: 4k page, physical 14635112k(2717884k free), swap 14633256k(7208k free)

vm_info: Java HotSpot(TM) 64-Bit Server VM (25.60-b23) for windows-amd64 JRE (1.8.0_60-b27), built on Aug  4 2015 11:06:27 by "java_re" with MS VC++ 10.0 (VS2010)

time: Sun Apr 17 18:11:19 2016
elapsed time: 3 seconds (0d 0h 0m 3s)

