#
# There is insufficient memory for the Java Runtime Environment to continue.
# Native memory allocation (malloc) failed to allocate 1340416 bytes for Chunk::new
# Possible reasons:
#   The system is out of physical RAM or swap space
#   In 32 bit mode, the process size limit was hit
# Possible solutions:
#   Reduce memory load on the system
#   Increase physical memory or swap space
#   Check if swap backing store is full
#   Use 64 bit Java on a 64 bit OS
#   Decrease Java heap size (-Xmx/-Xms)
#   Decrease number of Java threads
#   Decrease Java thread stack sizes (-Xss)
#   Set larger code cache with -XX:ReservedCodeCacheSize=
# This output file may be truncated or incomplete.
#
#  Out of Memory Error (allocation.cpp:390), pid=7944, tid=9264
#
# JRE version: Java(TM) SE Runtime Environment (8.0_60-b27) (build 1.8.0_60-b27)
# Java VM: Java HotSpot(TM) 64-Bit Server VM (25.60-b23 mixed mode windows-amd64 compressed oops)
# Failed to write core dump. Minidumps are not enabled by default on client versions of Windows
#

---------------  T H R E A D  ---------------

Current thread (0x0000000016326000):  JavaThread "C2 CompilerThread0" daemon [_thread_in_native, id=9264, stack(0x0000000017a40000,0x0000000017b40000)]

Stack: [0x0000000017a40000,0x0000000017b40000]
[error occurred during error reporting (printing stack bounds), id 0xc0000005]

Native frames: (J=compiled Java code, j=interpreted, Vv=VM code, C=native code)


Current CompileTask:
C2:   5092 1415       4       com.android.dx.dex.code.OutputFinisher::addConstants (93 bytes)


---------------  P R O C E S S  ---------------

Java Threads: ( => current thread )
  0x00000000164dd800 JavaThread "pool-1-thread-1" [_thread_in_native, id=1852, stack(0x0000000018200000,0x0000000018300000)]
  0x00000000163bd000 JavaThread "Service Thread" daemon [_thread_blocked, id=10316, stack(0x0000000018050000,0x0000000018150000)]
  0x0000000016335000 JavaThread "C1 CompilerThread3" daemon [_thread_blocked, id=12248, stack(0x0000000017f50000,0x0000000018050000)]
  0x000000001549d800 JavaThread "C2 CompilerThread2" daemon [_thread_blocked, id=9684, stack(0x0000000017e40000,0x0000000017f40000)]
  0x000000001632a000 JavaThread "C2 CompilerThread1" daemon [_thread_blocked, id=4408, stack(0x0000000017cb0000,0x0000000017db0000)]
=>0x0000000016326000 JavaThread "C2 CompilerThread0" daemon [_thread_in_native, id=9264, stack(0x0000000017a40000,0x0000000017b40000)]
  0x0000000016323000 JavaThread "Attach Listener" daemon [_thread_blocked, id=8356, stack(0x0000000017830000,0x0000000017930000)]
  0x0000000016322000 JavaThread "Signal Dispatcher" daemon [_thread_blocked, id=9424, stack(0x0000000017700000,0x0000000017800000)]
  0x000000001548d800 JavaThread "Finalizer" daemon [_thread_blocked, id=12100, stack(0x0000000017520000,0x0000000017620000)]
  0x0000000015486800 JavaThread "Reference Handler" daemon [_thread_blocked, id=10412, stack(0x00000000173f0000,0x00000000174f0000)]
  0x0000000001f1e000 JavaThread "main" [_thread_blocked, id=11060, stack(0x0000000002010000,0x0000000002110000)]

Other Threads:
  0x00000000162d3800 VMThread [stack: 0x0000000017260000,0x0000000017360000] [id=12140]
  0x00000000163d6000 WatcherThread [stack: 0x0000000017b80000,0x0000000017c80000] [id=10852]

VM state:not at safepoint (normal execution)

VM Mutex/Monitor currently owned by a thread: None

Heap:
 PSYoungGen      total 67072K, used 14901K [0x00000000eab00000, 0x00000000ef580000, 0x0000000100000000)
  eden space 57856K, 12% used [0x00000000eab00000,0x00000000eb2120d8,0x00000000ee380000)
  from space 9216K, 83% used [0x00000000ee380000,0x00000000eeafb458,0x00000000eec80000)
  to   space 9216K, 0% used [0x00000000eec80000,0x00000000eec80000,0x00000000ef580000)
 ParOldGen       total 153088K, used 16K [0x00000000c0000000, 0x00000000c9580000, 0x00000000eab00000)
  object space 153088K, 0% used [0x00000000c0000000,0x00000000c0004000,0x00000000c9580000)
 Metaspace       used 6319K, capacity 7192K, committed 7424K, reserved 1056768K
  class space    used 620K, capacity 656K, committed 768K, reserved 1048576K

Card table byte_map: [0x00000000117a0000,0x00000000119b0000] byte_map_base: 0x00000000111a0000

Marking Bits: (ParMarkBitMap*) 0x0000000052f4a5b0
 Begin Bits: [0x00000000128a0000, 0x00000000138a0000)
 End Bits:   [0x00000000138a0000, 0x00000000148a0000)

Polling page: 0x0000000000330000

CodeCache: size=245760Kb used=6271Kb max_used=6291Kb free=239488Kb
 bounds [0x00000000023e0000, 0x0000000002a20000, 0x00000000113e0000]
 total_blobs=1875 nmethods=1603 adapters=185
 compilation: enabled

Compilation events (10 events):
Event: 5.032 Thread 0x0000000016335000 1611       3       com.android.dx.dex.file.OffsettedItem::writeSize (22 bytes)
Event: 5.032 Thread 0x0000000016335000 nmethod 1611 0x00000000029ffdd0 code [0x00000000029fff40, 0x0000000002a001a8]
Event: 5.032 Thread 0x0000000016335000 1612       3       com.android.dx.dex.file.OffsettedItem::place0 (1 bytes)
Event: 5.032 Thread 0x0000000016335000 nmethod 1612 0x0000000002a00290 code [0x0000000002a003e0, 0x0000000002a00530]
Event: 5.032 Thread 0x0000000016335000 1613       3       com.android.dx.dex.file.DebugInfoItem::itemType (4 bytes)
Event: 5.032 Thread 0x0000000016335000 nmethod 1613 0x0000000002a005d0 code [0x0000000002a00720, 0x0000000002a00870]
Event: 5.033 Thread 0x000000001549d800 nmethod 1418 0x0000000002a00910 code [0x0000000002a00c60, 0x0000000002a03bb0]
Event: 5.033 Thread 0x000000001549d800 1600       4       com.android.dx.dex.code.FixedSizeInsn::codeSize (11 bytes)
Event: 5.034 Thread 0x000000001549d800 nmethod 1600 0x00000000029fc190 code [0x00000000029fc2e0, 0x00000000029fc358]
Event: 5.064 Thread 0x000000001632a000 nmethod 1601 0x0000000002a0a710 code [0x0000000002a0aa00, 0x0000000002a0cf58]

GC Heap History (2 events):
Event: 4.076 GC heap before
{Heap before GC invocations=1 (full 0):
 PSYoungGen      total 67072K, used 57856K [0x00000000eab00000, 0x00000000ef580000, 0x0000000100000000)
  eden space 57856K, 100% used [0x00000000eab00000,0x00000000ee380000,0x00000000ee380000)
  from space 9216K, 0% used [0x00000000eec80000,0x00000000eec80000,0x00000000ef580000)
  to   space 9216K, 0% used [0x00000000ee380000,0x00000000ee380000,0x00000000eec80000)
 ParOldGen       total 153088K, used 0K [0x00000000c0000000, 0x00000000c9580000, 0x00000000eab00000)
  object space 153088K, 0% used [0x00000000c0000000,0x00000000c0000000,0x00000000c9580000)
 Metaspace       used 6056K, capacity 6966K, committed 7040K, reserved 1056768K
  class space    used 603K, capacity 622K, committed 640K, reserved 1048576K
Event: 4.560 GC heap after
Heap after GC invocations=1 (full 0):
 PSYoungGen      total 67072K, used 7661K [0x00000000eab00000, 0x00000000ef580000, 0x0000000100000000)
  eden space 57856K, 0% used [0x00000000eab00000,0x00000000eab00000,0x00000000ee380000)
  from space 9216K, 83% used [0x00000000ee380000,0x00000000eeafb458,0x00000000eec80000)
  to   space 9216K, 0% used [0x00000000eec80000,0x00000000eec80000,0x00000000ef580000)
 ParOldGen       total 153088K, used 16K [0x00000000c0000000, 0x00000000c9580000, 0x00000000eab00000)
  object space 153088K, 0% used [0x00000000c0000000,0x00000000c0004000,0x00000000c9580000)
 Metaspace       used 6056K, capacity 6966K, committed 7040K, reserved 1056768K
  class space    used 603K, capacity 622K, committed 640K, reserved 1048576K
}

Deoptimization events (10 events):
Event: 4.929 Thread 0x00000000164dd800 Uncommon trap: reason=class_check action=maybe_recompile pc=0x0000000002731d14 method=java.util.Arrays.equals([Ljava/lang/Object;[Ljava/lang/Object;)Z @ 62
Event: 4.929 Thread 0x00000000164dd800 Uncommon trap: reason=speculate_class_check action=maybe_recompile pc=0x0000000002743978 method=com.android.dx.util.FixedSizeList.equals(Ljava/lang/Object;)Z @ 25
Event: 4.929 Thread 0x00000000164dd800 Uncommon trap: reason=class_check action=maybe_recompile pc=0x0000000002731d14 method=java.util.Arrays.equals([Ljava/lang/Object;[Ljava/lang/Object;)Z @ 62
Event: 4.929 Thread 0x00000000164dd800 Uncommon trap: reason=speculate_class_check action=maybe_recompile pc=0x0000000002743978 method=com.android.dx.util.FixedSizeList.equals(Ljava/lang/Object;)Z @ 25
Event: 4.929 Thread 0x00000000164dd800 Uncommon trap: reason=class_check action=maybe_recompile pc=0x0000000002731d14 method=java.util.Arrays.equals([Ljava/lang/Object;[Ljava/lang/Object;)Z @ 62
Event: 4.929 Thread 0x00000000164dd800 Uncommon trap: reason=speculate_class_check action=maybe_recompile pc=0x0000000002743978 method=com.android.dx.util.FixedSizeList.equals(Ljava/lang/Object;)Z @ 25
Event: 4.929 Thread 0x00000000164dd800 Uncommon trap: reason=class_check action=maybe_recompile pc=0x0000000002731d14 method=java.util.Arrays.equals([Ljava/lang/Object;[Ljava/lang/Object;)Z @ 62
Event: 4.949 Thread 0x00000000164dd800 Uncommon trap: reason=unstable_if action=reinterpret pc=0x00000000027e8170 method=com.android.dx.rop.code.RegisterSpecSet.equals(Ljava/lang/Object;)Z @ 30
Event: 4.997 Thread 0x00000000164dd800 Uncommon trap: reason=unstable_if action=reinterpret pc=0x00000000029c9630 method=com.android.dx.dex.code.LocalList$MakeState.filterSpec(Lcom/android/dx/rop/code/RegisterSpec;)Lcom/android/dx/rop/code/RegisterSpec; @ 11
Event: 4.997 Thread 0x00000000164dd800 Uncommon trap: reason=unstable_if action=reinterpret pc=0x00000000029acb28 method=com.android.dx.dex.code.LocalList$MakeState.filterSpec(Lcom/android/dx/rop/code/RegisterSpec;)Lcom/android/dx/rop/code/RegisterSpec; @ 11

Internal exceptions (3 events):
Event: 0.161 Thread 0x0000000001f1e000 Exception <a 'java/lang/NoSuchMethodError': Method sun.misc.Unsafe.defineClass(Ljava/lang/String;[BII)Ljava/lang/Class; name or signature does not match> (0x00000000eab0d6a8) thrown at [C:\re\workspace\8-2-build-windows-amd64-cygwin\jdk8u60\4407\hotspot\srl`¯$¤žÄ?
Event: 0.161 Thread 0x0000000001f1e000 Exception <a 'java/lang/NoSuchMethodError': Method sun.misc.Unsafe.prefetchRead(Ljava/lang/Object;J)V name or signature does not match> (0x00000000eab0d990) thrown at [C:\re\workspace\8-2-build-windows-amd64-cygwin\jdk8u60\4407\hotspot\src\share\vm\prims\jŽlWŽDG@
Event: 3.660 Thread 0x00000000164dc000 Implicit null exception at 0x0000000002739dbe to 0x000000000273bed5

Events (10 events):
Event: 4.953 loading class com/android/dx/rop/code/RegisterSpecList$Expander
Event: 4.953 loading class com/android/dx/rop/code/RegisterSpecList$Expander done
Event: 4.997 Thread 0x00000000164dd800 Uncommon trap: trap_request=0xffffff65 fr.pc=0x00000000029c9630
Event: 4.997 Thread 0x00000000164dd800 DEOPT PACKING pc=0x00000000029c9630 sp=0x00000000182fef30
Event: 4.997 Thread 0x00000000164dd800 DEOPT UNPACKING pc=0x000000000242582a sp=0x00000000182fee98 mode 2
Event: 4.997 Thread 0x00000000164dd800 Uncommon trap: trap_request=0xffffff65 fr.pc=0x00000000029acb28
Event: 4.997 Thread 0x00000000164dd800 DEOPT PACKING pc=0x00000000029acb28 sp=0x00000000182feef0
Event: 4.997 Thread 0x00000000164dd800 DEOPT UNPACKING pc=0x000000000242582a sp=0x00000000182fee90 mode 2
Event: 5.032 loading class com/android/dx/dex/file/DebugInfoEncoder
Event: 5.032 loading class com/android/dx/dex/file/DebugInfoEncoder done


Dynamic libraries:
0x000000013fc20000 - 0x000000013fc57000 	X:\Program Files\Java\jdk1.8.0_60\bin\java.exe
0x0000000077060000 - 0x000000007720a000 	C:\Windows\SYSTEM32\ntdll.dll
0x0000000076f40000 - 0x000000007705f000 	C:\Windows\system32\kernel32.dll
0x000007fefd120000 - 0x000007fefd18a000 	C:\Windows\system32\KERNELBASE.dll
0x000007fefe8b0000 - 0x000007fefe98b000 	C:\Windows\system32\ADVAPI32.dll
0x000007fefd1a0000 - 0x000007fefd23f000 	C:\Windows\system32\msvcrt.dll
0x000007feff040000 - 0x000007feff05f000 	C:\Windows\SYSTEM32\sechost.dll
0x000007feff0c0000 - 0x000007feff1ed000 	C:\Windows\system32\RPCRT4.dll
0x0000000076e40000 - 0x0000000076f3a000 	C:\Windows\system32\USER32.dll
0x000007feff270000 - 0x000007feff2d7000 	C:\Windows\system32\GDI32.dll
0x000007feff2e0000 - 0x000007feff2ee000 	C:\Windows\system32\LPK.dll
0x000007fefeba0000 - 0x000007fefec6a000 	C:\Windows\system32\USP10.dll
0x000007fefb620000 - 0x000007fefb814000 	C:\Windows\WinSxS\amd64_microsoft.windows.common-controls_6595b64144ccf1df_6.0.7601.18837_none_fa3b1e3d17594757\COMCTL32.dll
0x000007feff1f0000 - 0x000007feff261000 	C:\Windows\system32\SHLWAPI.dll
0x000007fefd350000 - 0x000007fefd37e000 	C:\Windows\system32\IMM32.DLL
0x000007fefd240000 - 0x000007fefd349000 	C:\Windows\system32\MSCTF.dll
0x00000000794d0000 - 0x00000000795a2000 	X:\Program Files\Java\jdk1.8.0_60\jre\bin\msvcr100.dll
0x0000000052740000 - 0x0000000052fc9000 	X:\Program Files\Java\jdk1.8.0_60\jre\bin\server\jvm.dll
0x000007feed470000 - 0x000007feed479000 	C:\Windows\system32\WSOCK32.dll
0x000007fefec70000 - 0x000007fefecbd000 	C:\Windows\system32\WS2_32.dll
0x000007feff030000 - 0x000007feff038000 	C:\Windows\system32\NSI.dll
0x000007fefa930000 - 0x000007fefa96b000 	C:\Windows\system32\WINMM.dll
0x000007fefc0e0000 - 0x000007fefc0ec000 	C:\Windows\system32\VERSION.dll
0x0000000077230000 - 0x0000000077237000 	C:\Windows\system32\PSAPI.DLL
0x00000000668a0000 - 0x00000000668af000 	X:\Program Files\Java\jdk1.8.0_60\jre\bin\verify.dll
0x00000000627c0000 - 0x00000000627e9000 	X:\Program Files\Java\jdk1.8.0_60\jre\bin\java.dll
0x00000000626b0000 - 0x00000000626c6000 	X:\Program Files\Java\jdk1.8.0_60\jre\bin\zip.dll
0x000007fefd940000 - 0x000007fefe6ca000 	C:\Windows\system32\SHELL32.dll
0x000007fefe990000 - 0x000007fefeb93000 	C:\Windows\system32\ole32.dll
0x000007fefcde0000 - 0x000007fefcdef000 	C:\Windows\system32\profapi.dll

VM Arguments:
jvm_args: -Djava.awt.headless=true -Xmx1024M -Dfile.encoding=windows-1252 -Duser.country=HK -Duser.language=zh -Duser.variant 
java_command: com.android.dx.command.Main --dex --force-jumbo --num-threads=4 --multi-dex --output X:\Android\projects\CSE110\CoupleTones\app\build\intermediates\transforms\dex\debug\folders\1000\10\instant-run_322e2041bce815804083f40b145f323105e6e40f X:\Android\projects\CSE110\CoupleTones\app\build\intermediates\incremental-runtime-classes\debug\instant-run.jar
java_class_path (initial): X:\Android\sdk\build-tools\23.0.3\lib\dx.jar
Launcher Type: SUN_STANDARD

Environment Variables:
PATH=C:\ProgramData\Oracle\Java\javapath;C:\Program Files (x86)\Intel\iCLS Client\;C:\Program Files\Intel\iCLS Client\;C:\Windows\system32;C:\Windows;C:\Windows\System32\Wbem;C:\Windows\System32\WindowsPowerShell\v1.0\;C:\Program Files (x86)\Skype\Phone\;C:\Program Files\Intel\Intel(R) Management Engine Components\DAL;C:\Program Files\Intel\Intel(R) Management Engine Components\IPT;C:\Program Files (x86)\Intel\Intel(R) Management Engine Components\DAL;C:\Program Files (x86)\Intel\Intel(R) Management Engine Components\IPT;C:\Program Files (x86)\NVIDIA Corporation\PhysX\Common;C:\Windows\system32;C:\Windows;C:\Windows\System32\Wbem;C:\Windows\system32\config\systemprofile\.dnx\bin;C:\Program Files\Microsoft DNX\Dnvm\;C:\Program Files (x86)\Windows Kits\8.1\Windows Performance Toolkit\;X:\Program Files\Git\cmd
USERNAME=HUDSON
OS=Windows_NT
PROCESSOR_IDENTIFIER=Intel64 Family 6 Model 58 Stepping 9, GenuineIntel



---------------  S Y S T E M  ---------------

OS: Windows 7 , 64 bit Build 7601 (6.1.7601.23392)

CPU:total 8 (4 cores per cpu, 2 threads per core) family 6 model 58 stepping 9, cmov, cx8, fxsr, mmx, sse, sse2, sse3, ssse3, sse4.1, sse4.2, popcnt, avx, aes, clmul, erms, ht, tsc, tscinvbit, tscinv

Memory: 4k page, physical 14635112k(2689304k free), swap 14633256k(6000k free)

vm_info: Java HotSpot(TM) 64-Bit Server VM (25.60-b23) for windows-amd64 JRE (1.8.0_60-b27), built on Aug  4 2015 11:06:27 by "java_re" with MS VC++ 10.0 (VS2010)

time: Sun Apr 17 18:12:54 2016
elapsed time: 5 seconds (0d 0h 0m 5s)

