#
# There is insufficient memory for the Java Runtime Environment to continue.
# Native memory allocation (malloc) failed to allocate 1270896 bytes for Chunk::new
# Possible reasons:
#   The system is out of physical RAM or swap space
#   In 32 bit mode, the process size limit was hit
# Possible solutions:
#   Reduce memory load on the system
#   Increase physical memory or swap space
#   Check if swap backing store is full
#   Use 64 bit Java on a 64 bit OS
#   Decrease Java heap size (-Xmx/-Xms)
#   Decrease number of Java threads
#   Decrease Java thread stack sizes (-Xss)
#   Set larger code cache with -XX:ReservedCodeCacheSize=
# This output file may be truncated or incomplete.
#
#  Out of Memory Error (allocation.cpp:390), pid=12004, tid=9708
#
# JRE version: Java(TM) SE Runtime Environment (8.0_60-b27) (build 1.8.0_60-b27)
# Java VM: Java HotSpot(TM) 64-Bit Server VM (25.60-b23 mixed mode windows-amd64 compressed oops)
# Failed to write core dump. Minidumps are not enabled by default on client versions of Windows
#

---------------  T H R E A D  ---------------

Current thread (0x000000001656f800):  JavaThread "C2 CompilerThread0" daemon [_thread_in_native, id=9708, stack(0x0000000017dd0000,0x0000000017ed0000)]

Stack: [0x0000000017dd0000,0x0000000017ed0000]
[error occurred during error reporting (printing stack bounds), id 0xc0000005]

Native frames: (J=compiled Java code, j=interpreted, Vv=VM code, C=native code)


Current CompileTask:
C2:   4131  947   !   4       com.android.dx.cf.code.BytecodeArray::parseInstruction (2764 bytes)


---------------  P R O C E S S  ---------------

Java Threads: ( => current thread )
  0x0000000016853000 JavaThread "pool-2-thread-4" [_thread_in_Java, id=4360, stack(0x0000000018960000,0x0000000018a60000)]
  0x000000001674a000 JavaThread "pool-2-thread-3" [_thread_in_Java, id=11452, stack(0x0000000018810000,0x0000000018910000)]
  0x000000001673f000 JavaThread "pool-2-thread-2" [_thread_blocked, id=8676, stack(0x00000000185c0000,0x00000000186c0000)]
  0x00000000166aa800 JavaThread "pool-3-thread-1" [_thread_blocked, id=1964, stack(0x0000000018270000,0x0000000018370000)]
  0x00000000166a7800 JavaThread "pool-2-thread-1" [_thread_blocked, id=9704, stack(0x00000000183b0000,0x00000000184b0000)]
  0x00000000165e0000 JavaThread "Service Thread" daemon [_thread_blocked, id=11180, stack(0x0000000017600000,0x0000000017700000)]
  0x00000000165ce800 JavaThread "C1 CompilerThread3" daemon [_thread_in_native, id=11852, stack(0x0000000017a70000,0x0000000017b70000)]
  0x00000000165ce000 JavaThread "C2 CompilerThread2" daemon [_thread_in_native, id=10572, stack(0x0000000017cb0000,0x0000000017db0000)]
  0x000000001655f800 JavaThread "C2 CompilerThread1" daemon [_thread_in_native, id=9412, stack(0x0000000017ff0000,0x00000000180f0000)]
=>0x000000001656f800 JavaThread "C2 CompilerThread0" daemon [_thread_in_native, id=9708, stack(0x0000000017dd0000,0x0000000017ed0000)]
  0x000000001656e000 JavaThread "Attach Listener" daemon [_thread_blocked, id=11844, stack(0x0000000017860000,0x0000000017960000)]
  0x000000001656d000 JavaThread "Signal Dispatcher" daemon [_thread_blocked, id=11540, stack(0x0000000017b80000,0x0000000017c80000)]
  0x00000000154af000 JavaThread "Finalizer" daemon [_thread_blocked, id=8280, stack(0x0000000017970000,0x0000000017a70000)]
  0x0000000016513800 JavaThread "Reference Handler" daemon [_thread_blocked, id=9624, stack(0x0000000017710000,0x0000000017810000)]
  0x0000000001fae000 JavaThread "main" [_thread_blocked, id=11228, stack(0x0000000002240000,0x0000000002340000)]

Other Threads:
  0x0000000016512000 VMThread [stack: 0x00000000174f0000,0x00000000175f0000] [id=12200]
  0x00000000165d9800 WatcherThread [stack: 0x0000000018100000,0x0000000018200000] [id=6136]

VM state:not at safepoint (normal execution)

VM Mutex/Monitor currently owned by a thread: None

Heap:
 PSYoungGen      total 67072K, used 43075K [0x00000000eab00000, 0x00000000ef580000, 0x0000000100000000)
  eden space 57856K, 74% used [0x00000000eab00000,0x00000000ed510c20,0x00000000ee380000)
  from space 9216K, 0% used [0x00000000eec80000,0x00000000eec80000,0x00000000ef580000)
  to   space 9216K, 0% used [0x00000000ee380000,0x00000000ee380000,0x00000000eec80000)
 ParOldGen       total 153088K, used 0K [0x00000000c0000000, 0x00000000c9580000, 0x00000000eab00000)
  object space 153088K, 0% used [0x00000000c0000000,0x00000000c0000000,0x00000000c9580000)
 Metaspace       used 5674K, capacity 6832K, committed 7040K, reserved 1056768K
  class space    used 575K, capacity 616K, committed 640K, reserved 1048576K

Card table byte_map: [0x00000000119d0000,0x0000000011be0000] byte_map_base: 0x00000000113d0000

Marking Bits: (ParMarkBitMap*) 0x0000000052f4a5b0
 Begin Bits: [0x00000000128c0000, 0x00000000138c0000)
 End Bits:   [0x00000000138c0000, 0x00000000148c0000)

Polling page: 0x0000000000130000

CodeCache: size=245760Kb used=4060Kb max_used=4060Kb free=241699Kb
 bounds [0x0000000002610000, 0x0000000002a10000, 0x0000000011610000]
 total_blobs=1290 nmethods=1029 adapters=174
 compilation: enabled

Compilation events (10 events):
Event: 4.128 Thread 0x00000000165ce800 nmethod 1037 0x0000000002a00310 code [0x0000000002a004e0, 0x0000000002a00c08]
Event: 4.128 Thread 0x00000000165ce800 1038       3       com.android.dx.ssa.PhiInsn::<init> (29 bytes)
Event: 4.128 Thread 0x00000000165ce800 nmethod 1038 0x0000000002a01110 code [0x0000000002a012e0, 0x0000000002a018d8]
Event: 4.128 Thread 0x00000000165ce800 1055       3       com.android.dx.cf.code.BaseMachine::popArgs (72 bytes)
Event: 4.129 Thread 0x00000000165ce800 nmethod 1055 0x0000000002a01c10 code [0x0000000002a01e80, 0x0000000002a02c28]
Event: 4.129 Thread 0x00000000165ce800 1030       3       com.android.dx.rop.cst.CstBaseMethodRef::getPrototype (41 bytes)
Event: 4.129 Thread 0x00000000165ce800 nmethod 1030 0x0000000002a03310 code [0x0000000002a03480, 0x0000000002a03868]
Event: 4.129 Thread 0x00000000165ce800 1053       3       com.android.dx.cf.code.BasicBlocker::visitLocal (34 bytes)
Event: 4.129 Thread 0x00000000165ce800 nmethod 1053 0x0000000002a03950 code [0x0000000002a03b00, 0x0000000002a04128]
Event: 4.129 Thread 0x00000000165ce800 1057       3       com.android.dx.cf.code.Simulator$SimVisitor::visitLocal (329 bytes)

GC Heap History (0 events):
No events

Deoptimization events (2 events):
Event: 3.725 Thread 0x0000000016853000 Uncommon trap: reason=unstable_if action=reinterpret pc=0x00000000027f532c method=java.util.HashMap.getNode(ILjava/lang/Object;)Ljava/util/HashMap$Node; @ 62
Event: 3.869 Thread 0x0000000016853000 Uncommon trap: reason=unstable_if action=reinterpret pc=0x000000000284a820 method=java.util.BitSet.ensureCapacity(I)V @ 6

Internal exceptions (2 events):
Event: 0.097 Thread 0x0000000001fae000 Exception <a 'java/lang/NoSuchMethodError': Method sun.misc.Unsafe.defineClass(Ljava/lang/String;[BII)Ljava/lang/Class; name or signature does not match> (0x00000000eab0d6d8) thrown at [C:\re\workspace\8-2-build-windows-amd64-cygwin\jdk8u60\4407\hotspot\srgYÜ€â¸?
Event: 0.097 Thread 0x0000000001fae000 Exception <a 'java/lang/NoSuchMethodError': Method sun.misc.Unsafe.prefetchRead(Ljava/lang/Object;J)V name or signature does not match> (0x00000000eab0d9c0) thrown at [C:\re\workspace\8-2-build-windows-amd64-cygwin\jdk8u60\4407\hotspot\src\share\vm\prims\j

Events (10 events):
Event: 3.734 loading class java/util/DualPivotQuicksort done
Event: 3.790 loading class java/util/ArrayList$1
Event: 3.790 loading class java/util/ArrayList$1 done
Event: 3.866 loading class com/android/dx/cf/code/BytecodeArray$ConstantParserVisitor
Event: 3.866 loading class com/android/dx/cf/code/BytecodeArray$ConstantParserVisitor done
Event: 3.869 Thread 0x0000000016853000 Uncommon trap: trap_request=0xffffff65 fr.pc=0x000000000284a820
Event: 3.869 Thread 0x0000000016853000 DEOPT PACKING pc=0x000000000284a820 sp=0x0000000018a5e900
Event: 3.869 Thread 0x0000000016853000 DEOPT UNPACKING pc=0x000000000265582a sp=0x0000000018a5e840 mode 2
Event: 3.881 Executing VM operation: ForceSafepoint
Event: 3.896 Executing VM operation: ForceSafepoint done


Dynamic libraries:
0x000000013fc20000 - 0x000000013fc57000 	X:\Program Files\Java\jdk1.8.0_60\bin\java.exe
0x0000000077060000 - 0x000000007720a000 	C:\Windows\SYSTEM32\ntdll.dll
0x0000000076f40000 - 0x000000007705f000 	C:\Windows\system32\kernel32.dll
0x000007fefd120000 - 0x000007fefd18a000 	C:\Windows\system32\KERNELBASE.dll
0x000007fefe8b0000 - 0x000007fefe98b000 	C:\Windows\system32\ADVAPI32.dll
0x000007fefd1a0000 - 0x000007fefd23f000 	C:\Windows\system32\msvcrt.dll
0x000007feff040000 - 0x000007feff05f000 	C:\Windows\SYSTEM32\sechost.dll
0x000007feff0c0000 - 0x000007feff1ed000 	C:\Windows\system32\RPCRT4.dll
0x0000000076e40000 - 0x0000000076f3a000 	C:\Windows\system32\USER32.dll
0x000007feff270000 - 0x000007feff2d7000 	C:\Windows\system32\GDI32.dll
0x000007feff2e0000 - 0x000007feff2ee000 	C:\Windows\system32\LPK.dll
0x000007fefeba0000 - 0x000007fefec6a000 	C:\Windows\system32\USP10.dll
0x000007fefb620000 - 0x000007fefb814000 	C:\Windows\WinSxS\amd64_microsoft.windows.common-controls_6595b64144ccf1df_6.0.7601.18837_none_fa3b1e3d17594757\COMCTL32.dll
0x000007feff1f0000 - 0x000007feff261000 	C:\Windows\system32\SHLWAPI.dll
0x000007fefd350000 - 0x000007fefd37e000 	C:\Windows\system32\IMM32.DLL
0x000007fefd240000 - 0x000007fefd349000 	C:\Windows\system32\MSCTF.dll
0x00000000794d0000 - 0x00000000795a2000 	X:\Program Files\Java\jdk1.8.0_60\jre\bin\msvcr100.dll
0x0000000052740000 - 0x0000000052fc9000 	X:\Program Files\Java\jdk1.8.0_60\jre\bin\server\jvm.dll
0x000007feed470000 - 0x000007feed479000 	C:\Windows\system32\WSOCK32.dll
0x000007fefec70000 - 0x000007fefecbd000 	C:\Windows\system32\WS2_32.dll
0x000007feff030000 - 0x000007feff038000 	C:\Windows\system32\NSI.dll
0x000007fefa930000 - 0x000007fefa96b000 	C:\Windows\system32\WINMM.dll
0x000007fefc0e0000 - 0x000007fefc0ec000 	C:\Windows\system32\VERSION.dll
0x0000000077230000 - 0x0000000077237000 	C:\Windows\system32\PSAPI.DLL
0x00000000668a0000 - 0x00000000668af000 	X:\Program Files\Java\jdk1.8.0_60\jre\bin\verify.dll
0x00000000627c0000 - 0x00000000627e9000 	X:\Program Files\Java\jdk1.8.0_60\jre\bin\java.dll
0x00000000626b0000 - 0x00000000626c6000 	X:\Program Files\Java\jdk1.8.0_60\jre\bin\zip.dll
0x000007fefd940000 - 0x000007fefe6ca000 	C:\Windows\system32\SHELL32.dll
0x000007fefe990000 - 0x000007fefeb93000 	C:\Windows\system32\ole32.dll
0x000007fefcde0000 - 0x000007fefcdef000 	C:\Windows\system32\profapi.dll

VM Arguments:
jvm_args: -Djava.awt.headless=true -Xmx1024M -Dfile.encoding=windows-1252 -Duser.country=HK -Duser.language=zh -Duser.variant 
java_command: com.android.dx.command.Main --dex --force-jumbo --num-threads=4 --multi-dex --output X:\Android\projects\CSE110\CoupleTones\app\build\intermediates\transforms\dex\debug\folders\1000\5\slice_8 X:\Android\projects\CSE110\CoupleTones\app\build\intermediates\transforms\instantRunSlicer\debug\folders\1\5\slice_8
java_class_path (initial): X:\Android\sdk\build-tools\23.0.3\lib\dx.jar
Launcher Type: SUN_STANDARD

Environment Variables:
PATH=C:\ProgramData\Oracle\Java\javapath;C:\Program Files (x86)\Intel\iCLS Client\;C:\Program Files\Intel\iCLS Client\;C:\Windows\system32;C:\Windows;C:\Windows\System32\Wbem;C:\Windows\System32\WindowsPowerShell\v1.0\;C:\Program Files (x86)\Skype\Phone\;C:\Program Files\Intel\Intel(R) Management Engine Components\DAL;C:\Program Files\Intel\Intel(R) Management Engine Components\IPT;C:\Program Files (x86)\Intel\Intel(R) Management Engine Components\DAL;C:\Program Files (x86)\Intel\Intel(R) Management Engine Components\IPT;C:\Program Files (x86)\NVIDIA Corporation\PhysX\Common;C:\Windows\system32;C:\Windows;C:\Windows\System32\Wbem;C:\Windows\system32\config\systemprofile\.dnx\bin;C:\Program Files\Microsoft DNX\Dnvm\;C:\Program Files (x86)\Windows Kits\8.1\Windows Performance Toolkit\;X:\Program Files\Git\cmd
USERNAME=HUDSON
OS=Windows_NT
PROCESSOR_IDENTIFIER=Intel64 Family 6 Model 58 Stepping 9, GenuineIntel



---------------  S Y S T E M  ---------------

OS: Windows 7 , 64 bit Build 7601 (6.1.7601.23392)

CPU:total 8 (4 cores per cpu, 2 threads per core) family 6 model 58 stepping 9, cmov, cx8, fxsr, mmx, sse, sse2, sse3, ssse3, sse4.1, sse4.2, popcnt, avx, aes, clmul, erms, ht, tsc, tscinvbit, tscinv

Memory: 4k page, physical 14635112k(2805860k free), swap 14633256k(6988k free)

vm_info: Java HotSpot(TM) 64-Bit Server VM (25.60-b23) for windows-amd64 JRE (1.8.0_60-b27), built on Aug  4 2015 11:06:27 by "java_re" with MS VC++ 10.0 (VS2010)

time: Sun Apr 17 18:09:13 2016
elapsed time: 4 seconds (0d 0h 0m 4s)

